[INFO] Scanning for projects...
[INFO] 
[INFO] ---------------------< com.att.tdp:popcorn-palace >---------------------
[INFO] Building popcorn-palace 0.0.1-SNAPSHOT
[INFO]   from pom.xml
[INFO] --------------------------------[ jar ]---------------------------------
[INFO] 
[INFO] --- resources:3.3.1:resources (default-resources) @ popcorn-palace ---
[INFO] Copying 1 resource from src/main/resources to target/classes
[INFO] Copying 2 resources from src/main/resources to target/classes
[INFO] 
[INFO] --- compiler:3.13.0:compile (default-compile) @ popcorn-palace ---
[INFO] Nothing to compile - all classes are up to date.
[INFO] 
[INFO] --- resources:3.3.1:testResources (default-testResources) @ popcorn-palace ---
[INFO] Copying 1 resource from src/test/resources to target/test-classes
[INFO] 
[INFO] --- compiler:3.13.0:testCompile (default-testCompile) @ popcorn-palace ---
[INFO] Recompiling the module because of changed source code.
[INFO] Compiling 30 source files with javac [debug parameters release 21] to target/test-classes
[WARNING] /home/lbh/git-projects/popcorn-palace/src/test/java/com/att/tdp/popcorn_palace/controller/BookingControllerTest.java:[30,6] org.springframework.boot.test.mock.mockito.MockBean in org.springframework.boot.test.mock.mockito has been deprecated and marked for removal
[WARNING] /home/lbh/git-projects/popcorn-palace/src/test/java/com/att/tdp/popcorn_palace/controller/BookingControllerTest.java:[30,6] org.springframework.boot.test.mock.mockito.MockBean in org.springframework.boot.test.mock.mockito has been deprecated and marked for removal
[WARNING] /home/lbh/git-projects/popcorn-palace/src/test/java/com/att/tdp/popcorn_palace/controller/BookingControllerTest.java:[30,6] org.springframework.boot.test.mock.mockito.MockBean in org.springframework.boot.test.mock.mockito has been deprecated and marked for removal
[WARNING] /home/lbh/git-projects/popcorn-palace/src/test/java/com/att/tdp/popcorn_palace/controller/BookingControllerTest.java:[30,6] org.springframework.boot.test.mock.mockito.MockBean in org.springframework.boot.test.mock.mockito has been deprecated and marked for removal
[WARNING] /home/lbh/git-projects/popcorn-palace/src/test/java/com/att/tdp/popcorn_palace/controller/BookingControllerTest.java:[30,6] org.springframework.boot.test.mock.mockito.MockBean in org.springframework.boot.test.mock.mockito has been deprecated and marked for removal
[WARNING] /home/lbh/git-projects/popcorn-palace/src/test/java/com/att/tdp/popcorn_palace/controller/MovieControllerTest.java:[31,6] org.springframework.boot.test.mock.mockito.MockBean in org.springframework.boot.test.mock.mockito has been deprecated and marked for removal
[WARNING] /home/lbh/git-projects/popcorn-palace/src/test/java/com/att/tdp/popcorn_palace/controller/MovieControllerTest.java:[31,6] org.springframework.boot.test.mock.mockito.MockBean in org.springframework.boot.test.mock.mockito has been deprecated and marked for removal
[WARNING] /home/lbh/git-projects/popcorn-palace/src/test/java/com/att/tdp/popcorn_palace/controller/MovieControllerTest.java:[31,6] org.springframework.boot.test.mock.mockito.MockBean in org.springframework.boot.test.mock.mockito has been deprecated and marked for removal
[WARNING] /home/lbh/git-projects/popcorn-palace/src/test/java/com/att/tdp/popcorn_palace/controller/MovieControllerTest.java:[31,6] org.springframework.boot.test.mock.mockito.MockBean in org.springframework.boot.test.mock.mockito has been deprecated and marked for removal
[WARNING] /home/lbh/git-projects/popcorn-palace/src/test/java/com/att/tdp/popcorn_palace/controller/MovieControllerTest.java:[31,6] org.springframework.boot.test.mock.mockito.MockBean in org.springframework.boot.test.mock.mockito has been deprecated and marked for removal
[WARNING] /home/lbh/git-projects/popcorn-palace/src/test/java/com/att/tdp/popcorn_palace/controller/ShowtimeControllerTest.java:[34,6] org.springframework.boot.test.mock.mockito.MockBean in org.springframework.boot.test.mock.mockito has been deprecated and marked for removal
[WARNING] /home/lbh/git-projects/popcorn-palace/src/test/java/com/att/tdp/popcorn_palace/controller/ShowtimeControllerTest.java:[34,6] org.springframework.boot.test.mock.mockito.MockBean in org.springframework.boot.test.mock.mockito has been deprecated and marked for removal
[WARNING] /home/lbh/git-projects/popcorn-palace/src/test/java/com/att/tdp/popcorn_palace/controller/ShowtimeControllerTest.java:[34,6] org.springframework.boot.test.mock.mockito.MockBean in org.springframework.boot.test.mock.mockito has been deprecated and marked for removal
[WARNING] /home/lbh/git-projects/popcorn-palace/src/test/java/com/att/tdp/popcorn_palace/controller/ShowtimeControllerTest.java:[34,6] org.springframework.boot.test.mock.mockito.MockBean in org.springframework.boot.test.mock.mockito has been deprecated and marked for removal
[WARNING] /home/lbh/git-projects/popcorn-palace/src/test/java/com/att/tdp/popcorn_palace/controller/ShowtimeControllerTest.java:[34,6] org.springframework.boot.test.mock.mockito.MockBean in org.springframework.boot.test.mock.mockito has been deprecated and marked for removal
[WARNING] /home/lbh/git-projects/popcorn-palace/src/test/java/com/att/tdp/popcorn_palace/controller/TheaterControllerTest.java:[34,6] org.springframework.boot.test.mock.mockito.MockBean in org.springframework.boot.test.mock.mockito has been deprecated and marked for removal
[WARNING] /home/lbh/git-projects/popcorn-palace/src/test/java/com/att/tdp/popcorn_palace/controller/TheaterControllerTest.java:[34,6] org.springframework.boot.test.mock.mockito.MockBean in org.springframework.boot.test.mock.mockito has been deprecated and marked for removal
[WARNING] /home/lbh/git-projects/popcorn-palace/src/test/java/com/att/tdp/popcorn_palace/controller/TheaterControllerTest.java:[34,6] org.springframework.boot.test.mock.mockito.MockBean in org.springframework.boot.test.mock.mockito has been deprecated and marked for removal
[WARNING] /home/lbh/git-projects/popcorn-palace/src/test/java/com/att/tdp/popcorn_palace/controller/TheaterControllerTest.java:[34,6] org.springframework.boot.test.mock.mockito.MockBean in org.springframework.boot.test.mock.mockito has been deprecated and marked for removal
[WARNING] /home/lbh/git-projects/popcorn-palace/src/test/java/com/att/tdp/popcorn_palace/controller/TheaterControllerTest.java:[34,6] org.springframework.boot.test.mock.mockito.MockBean in org.springframework.boot.test.mock.mockito has been deprecated and marked for removal
[WARNING] /home/lbh/git-projects/popcorn-palace/src/test/java/com/att/tdp/popcorn_palace/controller/validation/BookingControllerValidationTest.java:[32,6] org.springframework.boot.test.mock.mockito.MockBean in org.springframework.boot.test.mock.mockito has been deprecated and marked for removal
[WARNING] /home/lbh/git-projects/popcorn-palace/src/test/java/com/att/tdp/popcorn_palace/controller/validation/BookingControllerValidationTest.java:[32,6] org.springframework.boot.test.mock.mockito.MockBean in org.springframework.boot.test.mock.mockito has been deprecated and marked for removal
[WARNING] /home/lbh/git-projects/popcorn-palace/src/test/java/com/att/tdp/popcorn_palace/controller/validation/BookingControllerValidationTest.java:[32,6] org.springframework.boot.test.mock.mockito.MockBean in org.springframework.boot.test.mock.mockito has been deprecated and marked for removal
[WARNING] /home/lbh/git-projects/popcorn-palace/src/test/java/com/att/tdp/popcorn_palace/controller/validation/BookingControllerValidationTest.java:[32,6] org.springframework.boot.test.mock.mockito.MockBean in org.springframework.boot.test.mock.mockito has been deprecated and marked for removal
[WARNING] /home/lbh/git-projects/popcorn-palace/src/test/java/com/att/tdp/popcorn_palace/controller/validation/BookingControllerValidationTest.java:[32,6] org.springframework.boot.test.mock.mockito.MockBean in org.springframework.boot.test.mock.mockito has been deprecated and marked for removal
[WARNING] /home/lbh/git-projects/popcorn-palace/src/test/java/com/att/tdp/popcorn_palace/controller/validation/MovieControllerValidationTest.java:[31,6] org.springframework.boot.test.mock.mockito.MockBean in org.springframework.boot.test.mock.mockito has been deprecated and marked for removal
[WARNING] /home/lbh/git-projects/popcorn-palace/src/test/java/com/att/tdp/popcorn_palace/controller/validation/MovieControllerValidationTest.java:[31,6] org.springframework.boot.test.mock.mockito.MockBean in org.springframework.boot.test.mock.mockito has been deprecated and marked for removal
[WARNING] /home/lbh/git-projects/popcorn-palace/src/test/java/com/att/tdp/popcorn_palace/controller/validation/MovieControllerValidationTest.java:[31,6] org.springframework.boot.test.mock.mockito.MockBean in org.springframework.boot.test.mock.mockito has been deprecated and marked for removal
[WARNING] /home/lbh/git-projects/popcorn-palace/src/test/java/com/att/tdp/popcorn_palace/controller/validation/MovieControllerValidationTest.java:[31,6] org.springframework.boot.test.mock.mockito.MockBean in org.springframework.boot.test.mock.mockito has been deprecated and marked for removal
[WARNING] /home/lbh/git-projects/popcorn-palace/src/test/java/com/att/tdp/popcorn_palace/controller/validation/MovieControllerValidationTest.java:[31,6] org.springframework.boot.test.mock.mockito.MockBean in org.springframework.boot.test.mock.mockito has been deprecated and marked for removal
[WARNING] /home/lbh/git-projects/popcorn-palace/src/test/java/com/att/tdp/popcorn_palace/controller/validation/ShowtimeControllerValidationTest.java:[34,6] org.springframework.boot.test.mock.mockito.MockBean in org.springframework.boot.test.mock.mockito has been deprecated and marked for removal
[WARNING] /home/lbh/git-projects/popcorn-palace/src/test/java/com/att/tdp/popcorn_palace/controller/validation/ShowtimeControllerValidationTest.java:[34,6] org.springframework.boot.test.mock.mockito.MockBean in org.springframework.boot.test.mock.mockito has been deprecated and marked for removal
[WARNING] /home/lbh/git-projects/popcorn-palace/src/test/java/com/att/tdp/popcorn_palace/controller/validation/ShowtimeControllerValidationTest.java:[34,6] org.springframework.boot.test.mock.mockito.MockBean in org.springframework.boot.test.mock.mockito has been deprecated and marked for removal
[WARNING] /home/lbh/git-projects/popcorn-palace/src/test/java/com/att/tdp/popcorn_palace/controller/validation/ShowtimeControllerValidationTest.java:[34,6] org.springframework.boot.test.mock.mockito.MockBean in org.springframework.boot.test.mock.mockito has been deprecated and marked for removal
[WARNING] /home/lbh/git-projects/popcorn-palace/src/test/java/com/att/tdp/popcorn_palace/controller/validation/ShowtimeControllerValidationTest.java:[34,6] org.springframework.boot.test.mock.mockito.MockBean in org.springframework.boot.test.mock.mockito has been deprecated and marked for removal
[WARNING] /home/lbh/git-projects/popcorn-palace/src/test/java/com/att/tdp/popcorn_palace/controller/validation/TheaterControllerValidationTest.java:[29,6] org.springframework.boot.test.mock.mockito.MockBean in org.springframework.boot.test.mock.mockito has been deprecated and marked for removal
[WARNING] /home/lbh/git-projects/popcorn-palace/src/test/java/com/att/tdp/popcorn_palace/controller/validation/TheaterControllerValidationTest.java:[29,6] org.springframework.boot.test.mock.mockito.MockBean in org.springframework.boot.test.mock.mockito has been deprecated and marked for removal
[WARNING] /home/lbh/git-projects/popcorn-palace/src/test/java/com/att/tdp/popcorn_palace/controller/validation/TheaterControllerValidationTest.java:[29,6] org.springframework.boot.test.mock.mockito.MockBean in org.springframework.boot.test.mock.mockito has been deprecated and marked for removal
[WARNING] /home/lbh/git-projects/popcorn-palace/src/test/java/com/att/tdp/popcorn_palace/controller/validation/TheaterControllerValidationTest.java:[29,6] org.springframework.boot.test.mock.mockito.MockBean in org.springframework.boot.test.mock.mockito has been deprecated and marked for removal
[WARNING] /home/lbh/git-projects/popcorn-palace/src/test/java/com/att/tdp/popcorn_palace/controller/validation/TheaterControllerValidationTest.java:[29,6] org.springframework.boot.test.mock.mockito.MockBean in org.springframework.boot.test.mock.mockito has been deprecated and marked for removal
[INFO] 
[INFO] --- surefire:3.5.2:test (default-test) @ popcorn-palace ---
[INFO] Using auto detected provider org.apache.maven.surefire.junitplatform.JUnitPlatformProvider
[INFO] 
[INFO] -------------------------------------------------------
[INFO]  T E S T S
[INFO] -------------------------------------------------------
[INFO] Running com.att.tdp.popcorn_palace.service.ShowSeatServiceTest
[INFO] Tests run: 6, Failures: 0, Errors: 0, Skipped: 0, Time elapsed: 2.659 s -- in com.att.tdp.popcorn_palace.service.ShowSeatServiceTest
[INFO] Running com.att.tdp.popcorn_palace.service.BookingServiceTest
[INFO] Tests run: 6, Failures: 0, Errors: 0, Skipped: 0, Time elapsed: 1.145 s -- in com.att.tdp.popcorn_palace.service.BookingServiceTest
[INFO] Running com.att.tdp.popcorn_palace.service.SeatServiceTest
[INFO] Tests run: 4, Failures: 0, Errors: 0, Skipped: 0, Time elapsed: 0.235 s -- in com.att.tdp.popcorn_palace.service.SeatServiceTest
[INFO] Running com.att.tdp.popcorn_palace.service.validation.MovieServiceValidationTest
[INFO] Tests run: 9, Failures: 0, Errors: 0, Skipped: 0, Time elapsed: 0.259 s -- in com.att.tdp.popcorn_palace.service.validation.MovieServiceValidationTest
[INFO] Running com.att.tdp.popcorn_palace.service.validation.TheaterServiceValidationTest
[INFO] Tests run: 8, Failures: 0, Errors: 0, Skipped: 0, Time elapsed: 0.098 s -- in com.att.tdp.popcorn_palace.service.validation.TheaterServiceValidationTest
[INFO] Running com.att.tdp.popcorn_palace.service.validation.BookingServiceValidationTest
[INFO] Tests run: 5, Failures: 0, Errors: 0, Skipped: 0, Time elapsed: 0.093 s -- in com.att.tdp.popcorn_palace.service.validation.BookingServiceValidationTest
[INFO] Running com.att.tdp.popcorn_palace.service.validation.ShowtimeServiceValidationTest
[INFO] Tests run: 12, Failures: 0, Errors: 0, Skipped: 0, Time elapsed: 0.290 s -- in com.att.tdp.popcorn_palace.service.validation.ShowtimeServiceValidationTest
[INFO] Running com.att.tdp.popcorn_palace.service.MovieServiceTest
[INFO] Tests run: 9, Failures: 0, Errors: 0, Skipped: 0, Time elapsed: 0.137 s -- in com.att.tdp.popcorn_palace.service.MovieServiceTest
[INFO] Running com.att.tdp.popcorn_palace.service.ShowtimeServiceTest
[INFO] Tests run: 17, Failures: 0, Errors: 0, Skipped: 0, Time elapsed: 0.579 s -- in com.att.tdp.popcorn_palace.service.ShowtimeServiceTest
[INFO] Running com.att.tdp.popcorn_palace.service.TheaterServiceTest
[INFO] Tests run: 11, Failures: 0, Errors: 0, Skipped: 0, Time elapsed: 0.323 s -- in com.att.tdp.popcorn_palace.service.TheaterServiceTest
[INFO] Running com.att.tdp.popcorn_palace.controller.TheaterControllerTest
17:04:57.755 [main] INFO org.springframework.test.context.support.AnnotationConfigContextLoaderUtils -- Could not detect default configuration classes for test class [com.att.tdp.popcorn_palace.controller.TheaterControllerTest]: TheaterControllerTest does not declare any static, non-private, non-final, nested classes annotated with @Configuration.
17:04:58.060 [main] INFO org.springframework.boot.test.context.SpringBootTestContextBootstrapper -- Found @SpringBootConfiguration com.att.tdp.popcorn_palace.PopcornPalaceApplication for test class com.att.tdp.popcorn_palace.controller.TheaterControllerTest

  .   ____          _            __ _ _
 /\\ / ___'_ __ _ _(_)_ __  __ _ \ \ \ \
( ( )\___ | '_ | '_| | '_ \/ _` | \ \ \ \
 \\/  ___)| |_)| | | | | || (_| |  ) ) ) )
  '  |____| .__|_| |_|_| |_\__, | / / / /
 =========|_|==============|___/=/_/_/_/

 :: Spring Boot ::                (v3.4.2)

2025-03-24T17:04:58.873+02:00  INFO 113047 --- [popcorn-palace] [           main] c.a.t.p.c.TheaterControllerTest          : Starting TheaterControllerTest using Java 21.0.6 with PID 113047 (started by lbh in /home/lbh/git-projects/popcorn-palace)
2025-03-24T17:04:58.894+02:00  INFO 113047 --- [popcorn-palace] [           main] c.a.t.p.c.TheaterControllerTest          : No active profile set, falling back to 1 default profile: "default"
2025-03-24T17:05:00.298+02:00  INFO 113047 --- [popcorn-palace] [           main] o.s.v.b.OptionalValidatorFactoryBean     : Failed to set up a Bean Validation provider: jakarta.validation.NoProviderFoundException: Unable to create a Configuration, because no Jakarta Bean Validation provider could be found. Add a provider like Hibernate Validator (RI) to your classpath.
2025-03-24T17:05:00.896+02:00  INFO 113047 --- [popcorn-palace] [           main] o.s.b.t.m.w.SpringBootMockServletContext : Initializing Spring TestDispatcherServlet ''
2025-03-24T17:05:00.897+02:00  INFO 113047 --- [popcorn-palace] [           main] o.s.t.web.servlet.TestDispatcherServlet  : Initializing Servlet ''
2025-03-24T17:05:00.909+02:00  INFO 113047 --- [popcorn-palace] [           main] o.s.t.web.servlet.TestDispatcherServlet  : Completed initialization in 10 ms
2025-03-24T17:05:00.997+02:00  INFO 113047 --- [popcorn-palace] [           main] c.a.t.p.c.TheaterControllerTest          : Started TheaterControllerTest in 2.834 seconds (process running for 11.45)

MockHttpServletRequest:
      HTTP Method = GET
      Request URI = /theaters
       Parameters = {}
          Headers = []
             Body = null
    Session Attrs = {}

Handler:
             Type = null

Async:
    Async started = false
     Async result = null

Resolved Exception:
             Type = org.springframework.web.HttpRequestMethodNotSupportedException

ModelAndView:
        View name = null
             View = null
            Model = null

FlashMap:
       Attributes = null

MockHttpServletResponse:
           Status = 405
    Error message = null
          Headers = [Content-Type:"application/json"]
     Content type = application/json
             Body = {"status":405,"message":"Request method 'GET' is not supported","timestamp":"2025-03-24T17:05:01.39470068"}
    Forwarded URL = null
   Redirected URL = null
          Cookies = []
[ERROR] Tests run: 6, Failures: 1, Errors: 0, Skipped: 0, Time elapsed: 4.249 s <<< FAILURE! -- in com.att.tdp.popcorn_palace.controller.TheaterControllerTest
[ERROR] com.att.tdp.popcorn_palace.controller.TheaterControllerTest.testGetAllTheaters -- Time elapsed: 0.020 s <<< FAILURE!
java.lang.AssertionError: Status expected:<200> but was:<405>
	at org.springframework.test.util.AssertionErrors.fail(AssertionErrors.java:61)
	at org.springframework.test.util.AssertionErrors.assertEquals(AssertionErrors.java:128)
	at org.springframework.test.web.servlet.result.StatusResultMatchers.lambda$matcher$9(StatusResultMatchers.java:640)
	at org.springframework.test.web.servlet.MockMvc$1.andExpect(MockMvc.java:214)
	at com.att.tdp.popcorn_palace.controller.TheaterControllerTest.testGetAllTheaters(TheaterControllerTest.java:51)
	at java.base/java.lang.reflect.Method.invoke(Method.java:580)
	at java.base/java.util.ArrayList.forEach(ArrayList.java:1596)
	at java.base/java.util.ArrayList.forEach(ArrayList.java:1596)

[INFO] Running com.att.tdp.popcorn_palace.controller.BookingControllerTest
2025-03-24T17:05:01.451+02:00  INFO 113047 --- [popcorn-palace] [           main] t.c.s.AnnotationConfigContextLoaderUtils : Could not detect default configuration classes for test class [com.att.tdp.popcorn_palace.controller.BookingControllerTest]: BookingControllerTest does not declare any static, non-private, non-final, nested classes annotated with @Configuration.
2025-03-24T17:05:01.478+02:00  INFO 113047 --- [popcorn-palace] [           main] .b.t.c.SpringBootTestContextBootstrapper : Found @SpringBootConfiguration com.att.tdp.popcorn_palace.PopcornPalaceApplication for test class com.att.tdp.popcorn_palace.controller.BookingControllerTest

  .   ____          _            __ _ _
 /\\ / ___'_ __ _ _(_)_ __  __ _ \ \ \ \
( ( )\___ | '_ | '_| | '_ \/ _` | \ \ \ \
 \\/  ___)| |_)| | | | | || (_| |  ) ) ) )
  '  |____| .__|_| |_|_| |_\__, | / / / /
 =========|_|==============|___/=/_/_/_/

 :: Spring Boot ::                (v3.4.2)

2025-03-24T17:05:01.548+02:00  INFO 113047 --- [popcorn-palace] [           main] c.a.t.p.c.BookingControllerTest          : Starting BookingControllerTest using Java 21.0.6 with PID 113047 (started by lbh in /home/lbh/git-projects/popcorn-palace)
2025-03-24T17:05:01.549+02:00  INFO 113047 --- [popcorn-palace] [           main] c.a.t.p.c.BookingControllerTest          : No active profile set, falling back to 1 default profile: "default"
2025-03-24T17:05:01.989+02:00  INFO 113047 --- [popcorn-palace] [           main] o.s.v.b.OptionalValidatorFactoryBean     : Failed to set up a Bean Validation provider: jakarta.validation.NoProviderFoundException: Unable to create a Configuration, because no Jakarta Bean Validation provider could be found. Add a provider like Hibernate Validator (RI) to your classpath.
2025-03-24T17:05:02.236+02:00  INFO 113047 --- [popcorn-palace] [           main] o.s.b.t.m.w.SpringBootMockServletContext : Initializing Spring TestDispatcherServlet ''
2025-03-24T17:05:02.236+02:00  INFO 113047 --- [popcorn-palace] [           main] o.s.t.web.servlet.TestDispatcherServlet  : Initializing Servlet ''
2025-03-24T17:05:02.237+02:00  INFO 113047 --- [popcorn-palace] [           main] o.s.t.web.servlet.TestDispatcherServlet  : Completed initialization in 1 ms
2025-03-24T17:05:02.251+02:00  INFO 113047 --- [popcorn-palace] [           main] c.a.t.p.c.BookingControllerTest          : Started BookingControllerTest in 0.768 seconds (process running for 12.704)
[INFO] Tests run: 3, Failures: 0, Errors: 0, Skipped: 0, Time elapsed: 0.915 s -- in com.att.tdp.popcorn_palace.controller.BookingControllerTest
[INFO] Running com.att.tdp.popcorn_palace.controller.ShowtimeControllerTest
2025-03-24T17:05:02.375+02:00  INFO 113047 --- [popcorn-palace] [           main] t.c.s.AnnotationConfigContextLoaderUtils : Could not detect default configuration classes for test class [com.att.tdp.popcorn_palace.controller.ShowtimeControllerTest]: ShowtimeControllerTest does not declare any static, non-private, non-final, nested classes annotated with @Configuration.
2025-03-24T17:05:02.403+02:00  INFO 113047 --- [popcorn-palace] [           main] .b.t.c.SpringBootTestContextBootstrapper : Found @SpringBootConfiguration com.att.tdp.popcorn_palace.PopcornPalaceApplication for test class com.att.tdp.popcorn_palace.controller.ShowtimeControllerTest

  .   ____          _            __ _ _
 /\\ / ___'_ __ _ _(_)_ __  __ _ \ \ \ \
( ( )\___ | '_ | '_| | '_ \/ _` | \ \ \ \
 \\/  ___)| |_)| | | | | || (_| |  ) ) ) )
  '  |____| .__|_| |_|_| |_\__, | / / / /
 =========|_|==============|___/=/_/_/_/

 :: Spring Boot ::                (v3.4.2)

2025-03-24T17:05:02.535+02:00  INFO 113047 --- [popcorn-palace] [           main] c.a.t.p.c.ShowtimeControllerTest         : Starting ShowtimeControllerTest using Java 21.0.6 with PID 113047 (started by lbh in /home/lbh/git-projects/popcorn-palace)
2025-03-24T17:05:02.538+02:00  INFO 113047 --- [popcorn-palace] [           main] c.a.t.p.c.ShowtimeControllerTest         : No active profile set, falling back to 1 default profile: "default"
2025-03-24T17:05:02.887+02:00  INFO 113047 --- [popcorn-palace] [           main] o.s.v.b.OptionalValidatorFactoryBean     : Failed to set up a Bean Validation provider: jakarta.validation.NoProviderFoundException: Unable to create a Configuration, because no Jakarta Bean Validation provider could be found. Add a provider like Hibernate Validator (RI) to your classpath.
2025-03-24T17:05:02.979+02:00  INFO 113047 --- [popcorn-palace] [           main] o.s.b.t.m.w.SpringBootMockServletContext : Initializing Spring TestDispatcherServlet ''
2025-03-24T17:05:02.979+02:00  INFO 113047 --- [popcorn-palace] [           main] o.s.t.web.servlet.TestDispatcherServlet  : Initializing Servlet ''
2025-03-24T17:05:02.981+02:00  INFO 113047 --- [popcorn-palace] [           main] o.s.t.web.servlet.TestDispatcherServlet  : Completed initialization in 1 ms
2025-03-24T17:05:02.997+02:00  INFO 113047 --- [popcorn-palace] [           main] c.a.t.p.c.ShowtimeControllerTest         : Started ShowtimeControllerTest in 0.587 seconds (process running for 13.45)
[INFO] Tests run: 12, Failures: 0, Errors: 0, Skipped: 0, Time elapsed: 0.827 s -- in com.att.tdp.popcorn_palace.controller.ShowtimeControllerTest
[INFO] Running com.att.tdp.popcorn_palace.controller.validation.MovieControllerValidationTest
2025-03-24T17:05:03.199+02:00  INFO 113047 --- [popcorn-palace] [           main] t.c.s.AnnotationConfigContextLoaderUtils : Could not detect default configuration classes for test class [com.att.tdp.popcorn_palace.controller.validation.MovieControllerValidationTest]: MovieControllerValidationTest does not declare any static, non-private, non-final, nested classes annotated with @Configuration.
2025-03-24T17:05:03.234+02:00  INFO 113047 --- [popcorn-palace] [           main] .b.t.c.SpringBootTestContextBootstrapper : Found @SpringBootConfiguration com.att.tdp.popcorn_palace.PopcornPalaceApplication for test class com.att.tdp.popcorn_palace.controller.validation.MovieControllerValidationTest

  .   ____          _            __ _ _
 /\\ / ___'_ __ _ _(_)_ __  __ _ \ \ \ \
( ( )\___ | '_ | '_| | '_ \/ _` | \ \ \ \
 \\/  ___)| |_)| | | | | || (_| |  ) ) ) )
  '  |____| .__|_| |_|_| |_\__, | / / / /
 =========|_|==============|___/=/_/_/_/

 :: Spring Boot ::                (v3.4.2)

2025-03-24T17:05:03.277+02:00  INFO 113047 --- [popcorn-palace] [           main] .a.t.p.c.v.MovieControllerValidationTest : Starting MovieControllerValidationTest using Java 21.0.6 with PID 113047 (started by lbh in /home/lbh/git-projects/popcorn-palace)
2025-03-24T17:05:03.277+02:00  INFO 113047 --- [popcorn-palace] [           main] .a.t.p.c.v.MovieControllerValidationTest : No active profile set, falling back to 1 default profile: "default"
2025-03-24T17:05:03.574+02:00  INFO 113047 --- [popcorn-palace] [           main] o.s.v.b.OptionalValidatorFactoryBean     : Failed to set up a Bean Validation provider: jakarta.validation.NoProviderFoundException: Unable to create a Configuration, because no Jakarta Bean Validation provider could be found. Add a provider like Hibernate Validator (RI) to your classpath.
2025-03-24T17:05:03.691+02:00  INFO 113047 --- [popcorn-palace] [           main] o.s.b.t.m.w.SpringBootMockServletContext : Initializing Spring TestDispatcherServlet ''
2025-03-24T17:05:03.691+02:00  INFO 113047 --- [popcorn-palace] [           main] o.s.t.web.servlet.TestDispatcherServlet  : Initializing Servlet ''
2025-03-24T17:05:03.695+02:00  INFO 113047 --- [popcorn-palace] [           main] o.s.t.web.servlet.TestDispatcherServlet  : Completed initialization in 3 ms
2025-03-24T17:05:03.715+02:00  INFO 113047 --- [popcorn-palace] [           main] .a.t.p.c.v.MovieControllerValidationTest : Started MovieControllerValidationTest in 0.477 seconds (process running for 14.168)
[INFO] Tests run: 7, Failures: 0, Errors: 0, Skipped: 0, Time elapsed: 0.700 s -- in com.att.tdp.popcorn_palace.controller.validation.MovieControllerValidationTest
[INFO] Running com.att.tdp.popcorn_palace.controller.validation.BookingControllerValidationTest
2025-03-24T17:05:03.898+02:00  INFO 113047 --- [popcorn-palace] [           main] t.c.s.AnnotationConfigContextLoaderUtils : Could not detect default configuration classes for test class [com.att.tdp.popcorn_palace.controller.validation.BookingControllerValidationTest]: BookingControllerValidationTest does not declare any static, non-private, non-final, nested classes annotated with @Configuration.
2025-03-24T17:05:03.913+02:00  INFO 113047 --- [popcorn-palace] [           main] .b.t.c.SpringBootTestContextBootstrapper : Found @SpringBootConfiguration com.att.tdp.popcorn_palace.PopcornPalaceApplication for test class com.att.tdp.popcorn_palace.controller.validation.BookingControllerValidationTest
[INFO] Tests run: 5, Failures: 0, Errors: 0, Skipped: 0, Time elapsed: 0.112 s -- in com.att.tdp.popcorn_palace.controller.validation.BookingControllerValidationTest
[INFO] Running com.att.tdp.popcorn_palace.controller.validation.ShowtimeControllerValidationTest
2025-03-24T17:05:04.016+02:00  INFO 113047 --- [popcorn-palace] [           main] t.c.s.AnnotationConfigContextLoaderUtils : Could not detect default configuration classes for test class [com.att.tdp.popcorn_palace.controller.validation.ShowtimeControllerValidationTest]: ShowtimeControllerValidationTest does not declare any static, non-private, non-final, nested classes annotated with @Configuration.
2025-03-24T17:05:04.045+02:00  INFO 113047 --- [popcorn-palace] [           main] .b.t.c.SpringBootTestContextBootstrapper : Found @SpringBootConfiguration com.att.tdp.popcorn_palace.PopcornPalaceApplication for test class com.att.tdp.popcorn_palace.controller.validation.ShowtimeControllerValidationTest
[INFO] Tests run: 7, Failures: 0, Errors: 0, Skipped: 0, Time elapsed: 0.180 s -- in com.att.tdp.popcorn_palace.controller.validation.ShowtimeControllerValidationTest
[INFO] Running com.att.tdp.popcorn_palace.controller.validation.TheaterControllerValidationTest
2025-03-24T17:05:04.200+02:00  INFO 113047 --- [popcorn-palace] [           main] t.c.s.AnnotationConfigContextLoaderUtils : Could not detect default configuration classes for test class [com.att.tdp.popcorn_palace.controller.validation.TheaterControllerValidationTest]: TheaterControllerValidationTest does not declare any static, non-private, non-final, nested classes annotated with @Configuration.
2025-03-24T17:05:04.222+02:00  INFO 113047 --- [popcorn-palace] [           main] .b.t.c.SpringBootTestContextBootstrapper : Found @SpringBootConfiguration com.att.tdp.popcorn_palace.PopcornPalaceApplication for test class com.att.tdp.popcorn_palace.controller.validation.TheaterControllerValidationTest
[INFO] Tests run: 5, Failures: 0, Errors: 0, Skipped: 0, Time elapsed: 0.091 s -- in com.att.tdp.popcorn_palace.controller.validation.TheaterControllerValidationTest
[INFO] Running com.att.tdp.popcorn_palace.controller.MovieControllerTest
2025-03-24T17:05:04.289+02:00  INFO 113047 --- [popcorn-palace] [           main] t.c.s.AnnotationConfigContextLoaderUtils : Could not detect default configuration classes for test class [com.att.tdp.popcorn_palace.controller.MovieControllerTest]: MovieControllerTest does not declare any static, non-private, non-final, nested classes annotated with @Configuration.
2025-03-24T17:05:04.300+02:00  INFO 113047 --- [popcorn-palace] [           main] .b.t.c.SpringBootTestContextBootstrapper : Found @SpringBootConfiguration com.att.tdp.popcorn_palace.PopcornPalaceApplication for test class com.att.tdp.popcorn_palace.controller.MovieControllerTest
[INFO] Tests run: 7, Failures: 0, Errors: 0, Skipped: 0, Time elapsed: 0.121 s -- in com.att.tdp.popcorn_palace.controller.MovieControllerTest
[INFO] Running com.att.tdp.popcorn_palace.exception.GlobalExceptionHandlerTest
[INFO] Tests run: 10, Failures: 0, Errors: 0, Skipped: 0, Time elapsed: 0.292 s -- in com.att.tdp.popcorn_palace.exception.GlobalExceptionHandlerTest
[INFO] Running com.att.tdp.popcorn_palace.PopcornPalaceApplicationTests
2025-03-24T17:05:04.705+02:00  INFO 113047 --- [popcorn-palace] [           main] t.c.s.AnnotationConfigContextLoaderUtils : Could not detect default configuration classes for test class [com.att.tdp.popcorn_palace.PopcornPalaceApplicationTests]: PopcornPalaceApplicationTests does not declare any static, non-private, non-final, nested classes annotated with @Configuration.
2025-03-24T17:05:04.725+02:00  INFO 113047 --- [popcorn-palace] [           main] .b.t.c.SpringBootTestContextBootstrapper : Found @SpringBootConfiguration com.att.tdp.popcorn_palace.PopcornPalaceApplication for test class com.att.tdp.popcorn_palace.PopcornPalaceApplicationTests

  .   ____          _            __ _ _
 /\\ / ___'_ __ _ _(_)_ __  __ _ \ \ \ \
( ( )\___ | '_ | '_| | '_ \/ _` | \ \ \ \
 \\/  ___)| |_)| | | | | || (_| |  ) ) ) )
  '  |____| .__|_| |_|_| |_\__, | / / / /
 =========|_|==============|___/=/_/_/_/

 :: Spring Boot ::                (v3.4.2)

2025-03-24T17:05:04.783+02:00  INFO 113047 --- [popcorn-palace] [           main] c.a.t.p.PopcornPalaceApplicationTests    : Starting PopcornPalaceApplicationTests using Java 21.0.6 with PID 113047 (started by lbh in /home/lbh/git-projects/popcorn-palace)
2025-03-24T17:05:04.783+02:00  INFO 113047 --- [popcorn-palace] [           main] c.a.t.p.PopcornPalaceApplicationTests    : No active profile set, falling back to 1 default profile: "default"
2025-03-24T17:05:05.154+02:00  INFO 113047 --- [popcorn-palace] [           main] .s.d.r.c.RepositoryConfigurationDelegate : Bootstrapping Spring Data JPA repositories in DEFAULT mode.
2025-03-24T17:05:05.243+02:00  INFO 113047 --- [popcorn-palace] [           main] .s.d.r.c.RepositoryConfigurationDelegate : Finished Spring Data repository scanning in 69 ms. Found 6 JPA repository interfaces.
2025-03-24T17:05:05.741+02:00  INFO 113047 --- [popcorn-palace] [           main] com.zaxxer.hikari.HikariDataSource       : HikariPool-1 - Starting...
2025-03-24T17:05:06.060+02:00  INFO 113047 --- [popcorn-palace] [           main] com.zaxxer.hikari.pool.HikariPool        : HikariPool-1 - Added connection conn0: url=jdbc:h2:mem:db user=SA
2025-03-24T17:05:06.063+02:00  INFO 113047 --- [popcorn-palace] [           main] com.zaxxer.hikari.HikariDataSource       : HikariPool-1 - Start completed.
2025-03-24T17:05:06.243+02:00  INFO 113047 --- [popcorn-palace] [           main] o.hibernate.jpa.internal.util.LogHelper  : HHH000204: Processing PersistenceUnitInfo [name: default]
2025-03-24T17:05:06.348+02:00  INFO 113047 --- [popcorn-palace] [           main] org.hibernate.Version                    : HHH000412: Hibernate ORM core version 6.6.5.Final
2025-03-24T17:05:06.408+02:00  INFO 113047 --- [popcorn-palace] [           main] o.h.c.internal.RegionFactoryInitiator    : HHH000026: Second-level cache disabled
2025-03-24T17:05:06.654+02:00  INFO 113047 --- [popcorn-palace] [           main] o.s.o.j.p.SpringPersistenceUnitInfo      : No LoadTimeWeaver setup: ignoring JPA class transformer
2025-03-24T17:05:06.767+02:00  WARN 113047 --- [popcorn-palace] [           main] org.hibernate.dialect.Dialect            : HHH000511: The 2.3.232 version for [org.hibernate.dialect.PostgreSQLDialect] is no longer supported, hence certain features may not work properly. The minimum supported version is 12.0.0. Check the community dialects project for available legacy versions.
2025-03-24T17:05:06.782+02:00  WARN 113047 --- [popcorn-palace] [           main] org.hibernate.orm.deprecation            : HHH90000025: PostgreSQLDialect does not need to be specified explicitly using 'hibernate.dialect' (remove the property setting and it will be selected by default)
2025-03-24T17:05:06.815+02:00  INFO 113047 --- [popcorn-palace] [           main] org.hibernate.orm.connections.pooling    : HHH10001005: Database info:
	Database JDBC URL [Connecting through datasource 'HikariDataSource (HikariPool-1)']
	Database driver: undefined/unknown
	Database version: 2.3.232
	Autocommit mode: undefined/unknown
	Isolation level: undefined/unknown
	Minimum pool size: undefined/unknown
	Maximum pool size: undefined/unknown
2025-03-24T17:05:08.024+02:00  INFO 113047 --- [popcorn-palace] [           main] o.h.e.t.j.p.i.JtaPlatformInitiator       : HHH000489: No JTA platform available (set 'hibernate.transaction.jta.platform' to enable JTA platform integration)
Hibernate: set client_min_messages = WARNING
Hibernate: drop table if exists bookings cascade
Hibernate: drop table if exists movies cascade
Hibernate: drop table if exists seats cascade
Hibernate: drop table if exists show_seats cascade
Hibernate: drop table if exists showtimes cascade
Hibernate: drop table if exists theaters cascade
Hibernate: create table bookings (seat_number integer not null, showtime_id bigint not null, booking_id uuid not null, user_id uuid not null, primary key (booking_id))
Hibernate: create table movies (duration integer not null, rating float(53) not null, release_year integer not null, id bigint generated by default as identity, genre varchar(255) not null, title varchar(255) not null unique, primary key (id))
Hibernate: create table seats (number integer not null, id bigint generated by default as identity, theater_id bigint not null, primary key (id))
Hibernate: create table show_seats (is_available boolean not null, id bigint generated by default as identity, seat_id bigint not null, showtime_id bigint not null, primary key (id))
Hibernate: create table showtimes (price float(53) not null, end_time timestamp(6) not null, id bigint generated by default as identity, movie_id bigint not null, start_time timestamp(6) not null, theater varchar(255) not null, primary key (id))
Hibernate: create table theaters (number_of_seats integer not null, id bigint generated by default as identity, name varchar(255) not null unique, primary key (id))
2025-03-24T17:05:08.081+02:00  INFO 113047 --- [popcorn-palace] [           main] j.LocalContainerEntityManagerFactoryBean : Initialized JPA EntityManagerFactory for persistence unit 'default'
2025-03-24T17:05:08.506+02:00  INFO 113047 --- [popcorn-palace] [           main] o.s.d.j.r.query.QueryEnhancerFactory     : Hibernate is in classpath; If applicable, HQL parser will be used.
2025-03-24T17:05:13.014+02:00  WARN 113047 --- [popcorn-palace] [           main] JpaBaseConfiguration$JpaWebConfiguration : spring.jpa.open-in-view is enabled by default. Therefore, database queries may be performed during view rendering. Explicitly configure spring.jpa.open-in-view to disable this warning
2025-03-24T17:05:13.056+02:00  INFO 113047 --- [popcorn-palace] [           main] o.s.v.b.OptionalValidatorFactoryBean     : Failed to set up a Bean Validation provider: jakarta.validation.NoProviderFoundException: Unable to create a Configuration, because no Jakarta Bean Validation provider could be found. Add a provider like Hibernate Validator (RI) to your classpath.
2025-03-24T17:05:13.260+02:00  INFO 113047 --- [popcorn-palace] [           main] o.s.b.a.h2.H2ConsoleAutoConfiguration    : H2 console available at '/h2-console'. Database available at 'jdbc:h2:mem:db'
2025-03-24T17:05:13.370+02:00  INFO 113047 --- [popcorn-palace] [           main] c.a.t.p.PopcornPalaceApplicationTests    : Started PopcornPalaceApplicationTests in 8.637 seconds (process running for 23.823)
[INFO] Tests run: 1, Failures: 0, Errors: 0, Skipped: 0, Time elapsed: 8.695 s -- in com.att.tdp.popcorn_palace.PopcornPalaceApplicationTests
[INFO] Running com.att.tdp.popcorn_palace.repository.TheaterRepositoryTest
2025-03-24T17:05:13.449+02:00  INFO 113047 --- [popcorn-palace] [           main] t.c.s.AnnotationConfigContextLoaderUtils : Could not detect default configuration classes for test class [com.att.tdp.popcorn_palace.repository.TheaterRepositoryTest]: TheaterRepositoryTest does not declare any static, non-private, non-final, nested classes annotated with @Configuration.
2025-03-24T17:05:13.503+02:00  INFO 113047 --- [popcorn-palace] [           main] .b.t.c.SpringBootTestContextBootstrapper : Found @SpringBootConfiguration com.att.tdp.popcorn_palace.PopcornPalaceApplication for test class com.att.tdp.popcorn_palace.repository.TheaterRepositoryTest

  .   ____          _            __ _ _
 /\\ / ___'_ __ _ _(_)_ __  __ _ \ \ \ \
( ( )\___ | '_ | '_| | '_ \/ _` | \ \ \ \
 \\/  ___)| |_)| | | | | || (_| |  ) ) ) )
  '  |____| .__|_| |_|_| |_\__, | / / / /
 =========|_|==============|___/=/_/_/_/

 :: Spring Boot ::                (v3.4.2)

2025-03-24T17:05:13.559+02:00  INFO 113047 --- [popcorn-palace] [           main] c.a.t.p.r.TheaterRepositoryTest          : Starting TheaterRepositoryTest using Java 21.0.6 with PID 113047 (started by lbh in /home/lbh/git-projects/popcorn-palace)
2025-03-24T17:05:13.559+02:00  INFO 113047 --- [popcorn-palace] [           main] c.a.t.p.r.TheaterRepositoryTest          : No active profile set, falling back to 1 default profile: "default"
2025-03-24T17:05:13.861+02:00  INFO 113047 --- [popcorn-palace] [           main] .s.d.r.c.RepositoryConfigurationDelegate : Bootstrapping Spring Data JPA repositories in DEFAULT mode.
2025-03-24T17:05:13.884+02:00  INFO 113047 --- [popcorn-palace] [           main] .s.d.r.c.RepositoryConfigurationDelegate : Finished Spring Data repository scanning in 21 ms. Found 6 JPA repository interfaces.
2025-03-24T17:05:13.916+02:00  INFO 113047 --- [popcorn-palace] [           main] beddedDataSourceBeanFactoryPostProcessor : Replacing 'dataSource' DataSource bean with embedded version
2025-03-24T17:05:13.946+02:00  INFO 113047 --- [popcorn-palace] [           main] o.s.j.d.e.EmbeddedDatabaseFactory        : Starting embedded database: url='jdbc:h2:mem:c8f5d4c8-110c-4fc0-80de-d65abd485750;DB_CLOSE_DELAY=-1;DB_CLOSE_ON_EXIT=false', username='sa'
2025-03-24T17:05:13.986+02:00  INFO 113047 --- [popcorn-palace] [           main] o.hibernate.jpa.internal.util.LogHelper  : HHH000204: Processing PersistenceUnitInfo [name: default]
2025-03-24T17:05:13.988+02:00  INFO 113047 --- [popcorn-palace] [           main] o.h.c.internal.RegionFactoryInitiator    : HHH000026: Second-level cache disabled
2025-03-24T17:05:14.001+02:00  INFO 113047 --- [popcorn-palace] [           main] o.s.o.j.p.SpringPersistenceUnitInfo      : No LoadTimeWeaver setup: ignoring JPA class transformer
2025-03-24T17:05:14.003+02:00  WARN 113047 --- [popcorn-palace] [           main] org.hibernate.dialect.Dialect            : HHH000511: The 2.3.232 version for [org.hibernate.dialect.PostgreSQLDialect] is no longer supported, hence certain features may not work properly. The minimum supported version is 12.0.0. Check the community dialects project for available legacy versions.
2025-03-24T17:05:14.004+02:00  WARN 113047 --- [popcorn-palace] [           main] org.hibernate.orm.deprecation            : HHH90000025: PostgreSQLDialect does not need to be specified explicitly using 'hibernate.dialect' (remove the property setting and it will be selected by default)
2025-03-24T17:05:14.006+02:00  INFO 113047 --- [popcorn-palace] [           main] org.hibernate.orm.connections.pooling    : HHH10001005: Database info:
	Database JDBC URL [Connecting through datasource 'org.springframework.jdbc.datasource.embedded.EmbeddedDatabaseFactory$EmbeddedDataSourceProxy@426b205']
	Database driver: undefined/unknown
	Database version: 2.3.232
	Autocommit mode: undefined/unknown
	Isolation level: undefined/unknown
	Minimum pool size: undefined/unknown
	Maximum pool size: undefined/unknown
2025-03-24T17:05:14.192+02:00  INFO 113047 --- [popcorn-palace] [           main] o.h.e.t.j.p.i.JtaPlatformInitiator       : HHH000489: No JTA platform available (set 'hibernate.transaction.jta.platform' to enable JTA platform integration)
Hibernate: set client_min_messages = WARNING
2025-03-24T17:05:14.197+02:00  WARN 113047 --- [popcorn-palace] [           main] o.h.t.s.i.ExceptionHandlerLoggedImpl     : GenerationTarget encountered exception accepting command : Error executing DDL "set client_min_messages = WARNING" via JDBC [Syntax error in SQL statement "set [*]client_min_messages = WARNING"; expected "@, AUTOCOMMIT, EXCLUSIVE, IGNORECASE, PASSWORD, SALT, MODE, DATABASE, COLLATION, CLUSTER, DATABASE_EVENT_LISTENER, ALLOW_LITERALS, DEFAULT_TABLE_TYPE, SCHEMA, CATALOG, SCHEMA_SEARCH_PATH, JAVA_OBJECT_SERIALIZER, IGNORE_CATALOGS, SESSION, TRANSACTION, TIME, NON_KEYWORDS, DEFAULT_NULL_ORDERING";]

org.hibernate.tool.schema.spi.CommandAcceptanceException: Error executing DDL "set client_min_messages = WARNING" via JDBC [Syntax error in SQL statement "set [*]client_min_messages = WARNING"; expected "@, AUTOCOMMIT, EXCLUSIVE, IGNORECASE, PASSWORD, SALT, MODE, DATABASE, COLLATION, CLUSTER, DATABASE_EVENT_LISTENER, ALLOW_LITERALS, DEFAULT_TABLE_TYPE, SCHEMA, CATALOG, SCHEMA_SEARCH_PATH, JAVA_OBJECT_SERIALIZER, IGNORE_CATALOGS, SESSION, TRANSACTION, TIME, NON_KEYWORDS, DEFAULT_NULL_ORDERING";]
	at org.hibernate.tool.schema.internal.exec.GenerationTargetToDatabase.accept(GenerationTargetToDatabase.java:94) ~[hibernate-core-6.6.5.Final.jar:6.6.5.Final]
	at org.hibernate.tool.schema.internal.Helper.applySqlString(Helper.java:233) ~[hibernate-core-6.6.5.Final.jar:6.6.5.Final]
	at org.hibernate.tool.schema.internal.SchemaDropperImpl.dropFromMetadata(SchemaDropperImpl.java:213) ~[hibernate-core-6.6.5.Final.jar:6.6.5.Final]
	at org.hibernate.tool.schema.internal.SchemaDropperImpl.performDrop(SchemaDropperImpl.java:186) ~[hibernate-core-6.6.5.Final.jar:6.6.5.Final]
	at org.hibernate.tool.schema.internal.SchemaDropperImpl.doDrop(SchemaDropperImpl.java:156) ~[hibernate-core-6.6.5.Final.jar:6.6.5.Final]
	at org.hibernate.tool.schema.internal.SchemaDropperImpl.doDrop(SchemaDropperImpl.java:116) ~[hibernate-core-6.6.5.Final.jar:6.6.5.Final]
	at org.hibernate.tool.schema.spi.SchemaManagementToolCoordinator.performDatabaseAction(SchemaManagementToolCoordinator.java:238) ~[hibernate-core-6.6.5.Final.jar:6.6.5.Final]
	at org.hibernate.tool.schema.spi.SchemaManagementToolCoordinator.lambda$process$5(SchemaManagementToolCoordinator.java:144) ~[hibernate-core-6.6.5.Final.jar:6.6.5.Final]
	at java.base/java.util.HashMap.forEach(HashMap.java:1429) ~[na:na]
	at org.hibernate.tool.schema.spi.SchemaManagementToolCoordinator.process(SchemaManagementToolCoordinator.java:141) ~[hibernate-core-6.6.5.Final.jar:6.6.5.Final]
	at org.hibernate.boot.internal.SessionFactoryObserverForSchemaExport.sessionFactoryCreated(SessionFactoryObserverForSchemaExport.java:37) ~[hibernate-core-6.6.5.Final.jar:6.6.5.Final]
	at org.hibernate.internal.SessionFactoryObserverChain.sessionFactoryCreated(SessionFactoryObserverChain.java:35) ~[hibernate-core-6.6.5.Final.jar:6.6.5.Final]
	at org.hibernate.internal.SessionFactoryImpl.<init>(SessionFactoryImpl.java:324) ~[hibernate-core-6.6.5.Final.jar:6.6.5.Final]
	at org.hibernate.boot.internal.SessionFactoryBuilderImpl.build(SessionFactoryBuilderImpl.java:463) ~[hibernate-core-6.6.5.Final.jar:6.6.5.Final]
	at org.hibernate.jpa.boot.internal.EntityManagerFactoryBuilderImpl.build(EntityManagerFactoryBuilderImpl.java:1506) ~[hibernate-core-6.6.5.Final.jar:6.6.5.Final]
	at org.springframework.orm.jpa.vendor.SpringHibernateJpaPersistenceProvider.createContainerEntityManagerFactory(SpringHibernateJpaPersistenceProvider.java:66) ~[spring-orm-6.2.2.jar:6.2.2]
	at org.springframework.orm.jpa.LocalContainerEntityManagerFactoryBean.createNativeEntityManagerFactory(LocalContainerEntityManagerFactoryBean.java:390) ~[spring-orm-6.2.2.jar:6.2.2]
	at org.springframework.orm.jpa.AbstractEntityManagerFactoryBean.buildNativeEntityManagerFactory(AbstractEntityManagerFactoryBean.java:419) ~[spring-orm-6.2.2.jar:6.2.2]
	at org.springframework.orm.jpa.AbstractEntityManagerFactoryBean.afterPropertiesSet(AbstractEntityManagerFactoryBean.java:400) ~[spring-orm-6.2.2.jar:6.2.2]
	at org.springframework.orm.jpa.LocalContainerEntityManagerFactoryBean.afterPropertiesSet(LocalContainerEntityManagerFactoryBean.java:366) ~[spring-orm-6.2.2.jar:6.2.2]
	at org.springframework.beans.factory.support.AbstractAutowireCapableBeanFactory.invokeInitMethods(AbstractAutowireCapableBeanFactory.java:1859) ~[spring-beans-6.2.2.jar:6.2.2]
	at org.springframework.beans.factory.support.AbstractAutowireCapableBeanFactory.initializeBean(AbstractAutowireCapableBeanFactory.java:1808) ~[spring-beans-6.2.2.jar:6.2.2]
	at org.springframework.beans.factory.support.AbstractAutowireCapableBeanFactory.doCreateBean(AbstractAutowireCapableBeanFactory.java:601) ~[spring-beans-6.2.2.jar:6.2.2]
	at org.springframework.beans.factory.support.AbstractAutowireCapableBeanFactory.createBean(AbstractAutowireCapableBeanFactory.java:523) ~[spring-beans-6.2.2.jar:6.2.2]
	at org.springframework.beans.factory.support.AbstractBeanFactory.lambda$doGetBean$0(AbstractBeanFactory.java:336) ~[spring-beans-6.2.2.jar:6.2.2]
	at org.springframework.beans.factory.support.DefaultSingletonBeanRegistry.getSingleton(DefaultSingletonBeanRegistry.java:307) ~[spring-beans-6.2.2.jar:6.2.2]
	at org.springframework.beans.factory.support.AbstractBeanFactory.doGetBean(AbstractBeanFactory.java:334) ~[spring-beans-6.2.2.jar:6.2.2]
	at org.springframework.beans.factory.support.AbstractBeanFactory.getBean(AbstractBeanFactory.java:204) ~[spring-beans-6.2.2.jar:6.2.2]
	at org.springframework.context.support.AbstractApplicationContext.finishBeanFactoryInitialization(AbstractApplicationContext.java:970) ~[spring-context-6.2.2.jar:6.2.2]
	at org.springframework.context.support.AbstractApplicationContext.refresh(AbstractApplicationContext.java:627) ~[spring-context-6.2.2.jar:6.2.2]
	at org.springframework.boot.SpringApplication.refresh(SpringApplication.java:752) ~[spring-boot-3.4.2.jar:3.4.2]
	at org.springframework.boot.SpringApplication.refreshContext(SpringApplication.java:439) ~[spring-boot-3.4.2.jar:3.4.2]
	at org.springframework.boot.SpringApplication.run(SpringApplication.java:318) ~[spring-boot-3.4.2.jar:3.4.2]
	at org.springframework.boot.test.context.SpringBootContextLoader.lambda$loadContext$3(SpringBootContextLoader.java:137) ~[spring-boot-test-3.4.2.jar:3.4.2]
	at org.springframework.util.function.ThrowingSupplier.get(ThrowingSupplier.java:58) ~[spring-core-6.2.2.jar:6.2.2]
	at org.springframework.util.function.ThrowingSupplier.get(ThrowingSupplier.java:46) ~[spring-core-6.2.2.jar:6.2.2]
	at org.springframework.boot.SpringApplication.withHook(SpringApplication.java:1461) ~[spring-boot-3.4.2.jar:3.4.2]
	at org.springframework.boot.test.context.SpringBootContextLoader$ContextLoaderHook.run(SpringBootContextLoader.java:553) ~[spring-boot-test-3.4.2.jar:3.4.2]
	at org.springframework.boot.test.context.SpringBootContextLoader.loadContext(SpringBootContextLoader.java:137) ~[spring-boot-test-3.4.2.jar:3.4.2]
	at org.springframework.boot.test.context.SpringBootContextLoader.loadContext(SpringBootContextLoader.java:108) ~[spring-boot-test-3.4.2.jar:3.4.2]
	at org.springframework.test.context.cache.DefaultCacheAwareContextLoaderDelegate.loadContextInternal(DefaultCacheAwareContextLoaderDelegate.java:225) ~[spring-test-6.2.2.jar:6.2.2]
	at org.springframework.test.context.cache.DefaultCacheAwareContextLoaderDelegate.loadContext(DefaultCacheAwareContextLoaderDelegate.java:152) ~[spring-test-6.2.2.jar:6.2.2]
	at org.springframework.test.context.support.DefaultTestContext.getApplicationContext(DefaultTestContext.java:130) ~[spring-test-6.2.2.jar:6.2.2]
	at org.springframework.test.context.support.DependencyInjectionTestExecutionListener.injectDependencies(DependencyInjectionTestExecutionListener.java:142) ~[spring-test-6.2.2.jar:6.2.2]
	at org.springframework.test.context.support.DependencyInjectionTestExecutionListener.prepareTestInstance(DependencyInjectionTestExecutionListener.java:98) ~[spring-test-6.2.2.jar:6.2.2]
	at org.springframework.test.context.TestContextManager.prepareTestInstance(TestContextManager.java:260) ~[spring-test-6.2.2.jar:6.2.2]
	at org.springframework.test.context.junit.jupiter.SpringExtension.postProcessTestInstance(SpringExtension.java:160) ~[spring-test-6.2.2.jar:6.2.2]
	at org.junit.jupiter.engine.descriptor.ClassBasedTestDescriptor.lambda$invokeTestInstancePostProcessors$11(ClassBasedTestDescriptor.java:378) ~[junit-jupiter-engine-5.11.4.jar:5.11.4]
	at org.junit.jupiter.engine.descriptor.ClassBasedTestDescriptor.executeAndMaskThrowable(ClassBasedTestDescriptor.java:383) ~[junit-jupiter-engine-5.11.4.jar:5.11.4]
	at org.junit.jupiter.engine.descriptor.ClassBasedTestDescriptor.lambda$invokeTestInstancePostProcessors$12(ClassBasedTestDescriptor.java:378) ~[junit-jupiter-engine-5.11.4.jar:5.11.4]
	at java.base/java.util.stream.ForEachOps$ForEachOp$OfRef.accept(ForEachOps.java:184) ~[na:na]
	at java.base/java.util.stream.ReferencePipeline$3$1.accept(ReferencePipeline.java:197) ~[na:na]
	at java.base/java.util.stream.ReferencePipeline$2$1.accept(ReferencePipeline.java:179) ~[na:na]
	at java.base/java.util.stream.ReferencePipeline$3$1.accept(ReferencePipeline.java:197) ~[na:na]
	at java.base/java.util.ArrayList$ArrayListSpliterator.forEachRemaining(ArrayList.java:1708) ~[na:na]
	at java.base/java.util.stream.AbstractPipeline.copyInto(AbstractPipeline.java:509) ~[na:na]
	at java.base/java.util.stream.AbstractPipeline.wrapAndCopyInto(AbstractPipeline.java:499) ~[na:na]
	at java.base/java.util.stream.ForEachOps$ForEachOp.evaluateSequential(ForEachOps.java:151) ~[na:na]
	at java.base/java.util.stream.ForEachOps$ForEachOp$OfRef.evaluateSequential(ForEachOps.java:174) ~[na:na]
	at java.base/java.util.stream.AbstractPipeline.evaluate(AbstractPipeline.java:234) ~[na:na]
	at java.base/java.util.stream.ReferencePipeline.forEach(ReferencePipeline.java:596) ~[na:na]
	at org.junit.jupiter.engine.descriptor.ClassBasedTestDescriptor.invokeTestInstancePostProcessors(ClassBasedTestDescriptor.java:377) ~[junit-jupiter-engine-5.11.4.jar:5.11.4]
	at org.junit.jupiter.engine.descriptor.ClassBasedTestDescriptor.lambda$instantiateAndPostProcessTestInstance$7(ClassBasedTestDescriptor.java:290) ~[junit-jupiter-engine-5.11.4.jar:5.11.4]
	at org.junit.platform.engine.support.hierarchical.ThrowableCollector.execute(ThrowableCollector.java:73) ~[junit-platform-engine-1.11.4.jar:1.11.4]
	at org.junit.jupiter.engine.descriptor.ClassBasedTestDescriptor.instantiateAndPostProcessTestInstance(ClassBasedTestDescriptor.java:289) ~[junit-jupiter-engine-5.11.4.jar:5.11.4]
	at org.junit.jupiter.engine.descriptor.ClassBasedTestDescriptor.lambda$testInstancesProvider$5(ClassBasedTestDescriptor.java:279) ~[junit-jupiter-engine-5.11.4.jar:5.11.4]
	at java.base/java.util.Optional.orElseGet(Optional.java:364) ~[na:na]
	at org.junit.jupiter.engine.descriptor.ClassBasedTestDescriptor.lambda$testInstancesProvider$6(ClassBasedTestDescriptor.java:278) ~[junit-jupiter-engine-5.11.4.jar:5.11.4]
	at org.junit.jupiter.engine.execution.TestInstancesProvider.getTestInstances(TestInstancesProvider.java:31) ~[junit-jupiter-engine-5.11.4.jar:5.11.4]
	at org.junit.jupiter.engine.descriptor.TestMethodTestDescriptor.lambda$prepare$1(TestMethodTestDescriptor.java:105) ~[junit-jupiter-engine-5.11.4.jar:5.11.4]
	at org.junit.platform.engine.support.hierarchical.ThrowableCollector.execute(ThrowableCollector.java:73) ~[junit-platform-engine-1.11.4.jar:1.11.4]
	at org.junit.jupiter.engine.descriptor.TestMethodTestDescriptor.prepare(TestMethodTestDescriptor.java:104) ~[junit-jupiter-engine-5.11.4.jar:5.11.4]
	at org.junit.jupiter.engine.descriptor.TestMethodTestDescriptor.prepare(TestMethodTestDescriptor.java:68) ~[junit-jupiter-engine-5.11.4.jar:5.11.4]
	at org.junit.platform.engine.support.hierarchical.NodeTestTask.lambda$prepare$2(NodeTestTask.java:128) ~[junit-platform-engine-1.11.4.jar:1.11.4]
	at org.junit.platform.engine.support.hierarchical.ThrowableCollector.execute(ThrowableCollector.java:73) ~[junit-platform-engine-1.11.4.jar:1.11.4]
	at org.junit.platform.engine.support.hierarchical.NodeTestTask.prepare(NodeTestTask.java:128) ~[junit-platform-engine-1.11.4.jar:1.11.4]
	at org.junit.platform.engine.support.hierarchical.NodeTestTask.execute(NodeTestTask.java:95) ~[junit-platform-engine-1.11.4.jar:1.11.4]
	at java.base/java.util.ArrayList.forEach(ArrayList.java:1596) ~[na:na]
	at org.junit.platform.engine.support.hierarchical.SameThreadHierarchicalTestExecutorService.invokeAll(SameThreadHierarchicalTestExecutorService.java:41) ~[junit-platform-engine-1.11.4.jar:1.11.4]
	at org.junit.platform.engine.support.hierarchical.NodeTestTask.lambda$executeRecursively$6(NodeTestTask.java:160) ~[junit-platform-engine-1.11.4.jar:1.11.4]
	at org.junit.platform.engine.support.hierarchical.ThrowableCollector.execute(ThrowableCollector.java:73) ~[junit-platform-engine-1.11.4.jar:1.11.4]
	at org.junit.platform.engine.support.hierarchical.NodeTestTask.lambda$executeRecursively$8(NodeTestTask.java:146) ~[junit-platform-engine-1.11.4.jar:1.11.4]
	at org.junit.platform.engine.support.hierarchical.Node.around(Node.java:137) ~[junit-platform-engine-1.11.4.jar:1.11.4]
	at org.junit.platform.engine.support.hierarchical.NodeTestTask.lambda$executeRecursively$9(NodeTestTask.java:144) ~[junit-platform-engine-1.11.4.jar:1.11.4]
	at org.junit.platform.engine.support.hierarchical.ThrowableCollector.execute(ThrowableCollector.java:73) ~[junit-platform-engine-1.11.4.jar:1.11.4]
	at org.junit.platform.engine.support.hierarchical.NodeTestTask.executeRecursively(NodeTestTask.java:143) ~[junit-platform-engine-1.11.4.jar:1.11.4]
	at org.junit.platform.engine.support.hierarchical.NodeTestTask.execute(NodeTestTask.java:100) ~[junit-platform-engine-1.11.4.jar:1.11.4]
	at java.base/java.util.ArrayList.forEach(ArrayList.java:1596) ~[na:na]
	at org.junit.platform.engine.support.hierarchical.SameThreadHierarchicalTestExecutorService.invokeAll(SameThreadHierarchicalTestExecutorService.java:41) ~[junit-platform-engine-1.11.4.jar:1.11.4]
	at org.junit.platform.engine.support.hierarchical.NodeTestTask.lambda$executeRecursively$6(NodeTestTask.java:160) ~[junit-platform-engine-1.11.4.jar:1.11.4]
	at org.junit.platform.engine.support.hierarchical.ThrowableCollector.execute(ThrowableCollector.java:73) ~[junit-platform-engine-1.11.4.jar:1.11.4]
	at org.junit.platform.engine.support.hierarchical.NodeTestTask.lambda$executeRecursively$8(NodeTestTask.java:146) ~[junit-platform-engine-1.11.4.jar:1.11.4]
	at org.junit.platform.engine.support.hierarchical.Node.around(Node.java:137) ~[junit-platform-engine-1.11.4.jar:1.11.4]
	at org.junit.platform.engine.support.hierarchical.NodeTestTask.lambda$executeRecursively$9(NodeTestTask.java:144) ~[junit-platform-engine-1.11.4.jar:1.11.4]
	at org.junit.platform.engine.support.hierarchical.ThrowableCollector.execute(ThrowableCollector.java:73) ~[junit-platform-engine-1.11.4.jar:1.11.4]
	at org.junit.platform.engine.support.hierarchical.NodeTestTask.executeRecursively(NodeTestTask.java:143) ~[junit-platform-engine-1.11.4.jar:1.11.4]
	at org.junit.platform.engine.support.hierarchical.NodeTestTask.execute(NodeTestTask.java:100) ~[junit-platform-engine-1.11.4.jar:1.11.4]
	at org.junit.platform.engine.support.hierarchical.SameThreadHierarchicalTestExecutorService.submit(SameThreadHierarchicalTestExecutorService.java:35) ~[junit-platform-engine-1.11.4.jar:1.11.4]
	at org.junit.platform.engine.support.hierarchical.HierarchicalTestExecutor.execute(HierarchicalTestExecutor.java:57) ~[junit-platform-engine-1.11.4.jar:1.11.4]
	at org.junit.platform.engine.support.hierarchical.HierarchicalTestEngine.execute(HierarchicalTestEngine.java:54) ~[junit-platform-engine-1.11.4.jar:1.11.4]
	at org.junit.platform.launcher.core.EngineExecutionOrchestrator.execute(EngineExecutionOrchestrator.java:198) ~[junit-platform-launcher-1.11.4.jar:1.11.4]
	at org.junit.platform.launcher.core.EngineExecutionOrchestrator.execute(EngineExecutionOrchestrator.java:169) ~[junit-platform-launcher-1.11.4.jar:1.11.4]
	at org.junit.platform.launcher.core.EngineExecutionOrchestrator.execute(EngineExecutionOrchestrator.java:93) ~[junit-platform-launcher-1.11.4.jar:1.11.4]
	at org.junit.platform.launcher.core.EngineExecutionOrchestrator.lambda$execute$0(EngineExecutionOrchestrator.java:58) ~[junit-platform-launcher-1.11.4.jar:1.11.4]
	at org.junit.platform.launcher.core.EngineExecutionOrchestrator.withInterceptedStreams(EngineExecutionOrchestrator.java:141) ~[junit-platform-launcher-1.11.4.jar:1.11.4]
	at org.junit.platform.launcher.core.EngineExecutionOrchestrator.execute(EngineExecutionOrchestrator.java:57) ~[junit-platform-launcher-1.11.4.jar:1.11.4]
	at org.junit.platform.launcher.core.DefaultLauncher.execute(DefaultLauncher.java:103) ~[junit-platform-launcher-1.11.4.jar:1.11.4]
	at org.junit.platform.launcher.core.DefaultLauncher.execute(DefaultLauncher.java:85) ~[junit-platform-launcher-1.11.4.jar:1.11.4]
	at org.junit.platform.launcher.core.DelegatingLauncher.execute(DelegatingLauncher.java:47) ~[junit-platform-launcher-1.11.4.jar:1.11.4]
	at org.apache.maven.surefire.junitplatform.LazyLauncher.execute(LazyLauncher.java:56) ~[surefire-junit-platform-3.5.2.jar:3.5.2]
	at org.apache.maven.surefire.junitplatform.JUnitPlatformProvider.execute(JUnitPlatformProvider.java:184) ~[surefire-junit-platform-3.5.2.jar:3.5.2]
	at org.apache.maven.surefire.junitplatform.JUnitPlatformProvider.invokeAllTests(JUnitPlatformProvider.java:148) ~[surefire-junit-platform-3.5.2.jar:3.5.2]
	at org.apache.maven.surefire.junitplatform.JUnitPlatformProvider.invoke(JUnitPlatformProvider.java:122) ~[surefire-junit-platform-3.5.2.jar:3.5.2]
	at org.apache.maven.surefire.booter.ForkedBooter.runSuitesInProcess(ForkedBooter.java:385) ~[surefire-booter-3.5.2.jar:3.5.2]
	at org.apache.maven.surefire.booter.ForkedBooter.execute(ForkedBooter.java:162) ~[surefire-booter-3.5.2.jar:3.5.2]
	at org.apache.maven.surefire.booter.ForkedBooter.run(ForkedBooter.java:507) ~[surefire-booter-3.5.2.jar:3.5.2]
	at org.apache.maven.surefire.booter.ForkedBooter.main(ForkedBooter.java:495) ~[surefire-booter-3.5.2.jar:3.5.2]
Caused by: org.h2.jdbc.JdbcSQLSyntaxErrorException: Syntax error in SQL statement "set [*]client_min_messages = WARNING"; expected "@, AUTOCOMMIT, EXCLUSIVE, IGNORECASE, PASSWORD, SALT, MODE, DATABASE, COLLATION, CLUSTER, DATABASE_EVENT_LISTENER, ALLOW_LITERALS, DEFAULT_TABLE_TYPE, SCHEMA, CATALOG, SCHEMA_SEARCH_PATH, JAVA_OBJECT_SERIALIZER, IGNORE_CATALOGS, SESSION, TRANSACTION, TIME, NON_KEYWORDS, DEFAULT_NULL_ORDERING"; SQL statement:
set client_min_messages = WARNING [42001-232]
	at org.h2.message.DbException.getJdbcSQLException(DbException.java:514) ~[h2-2.3.232.jar:2.3.232]
	at org.h2.message.DbException.getJdbcSQLException(DbException.java:489) ~[h2-2.3.232.jar:2.3.232]
	at org.h2.message.DbException.getSyntaxError(DbException.java:261) ~[h2-2.3.232.jar:2.3.232]
	at org.h2.command.ParserBase.getSyntaxError(ParserBase.java:762) ~[h2-2.3.232.jar:2.3.232]
	at org.h2.command.Parser.parseSet(Parser.java:7592) ~[h2-2.3.232.jar:2.3.232]
	at org.h2.command.Parser.parsePrepared(Parser.java:614) ~[h2-2.3.232.jar:2.3.232]
	at org.h2.command.Parser.parse(Parser.java:581) ~[h2-2.3.232.jar:2.3.232]
	at org.h2.command.Parser.parse(Parser.java:561) ~[h2-2.3.232.jar:2.3.232]
	at org.h2.command.Parser.prepareCommand(Parser.java:484) ~[h2-2.3.232.jar:2.3.232]
	at org.h2.engine.SessionLocal.prepareLocal(SessionLocal.java:645) ~[h2-2.3.232.jar:2.3.232]
	at org.h2.engine.SessionLocal.prepareCommand(SessionLocal.java:561) ~[h2-2.3.232.jar:2.3.232]
	at org.h2.jdbc.JdbcConnection.prepareCommand(JdbcConnection.java:1164) ~[h2-2.3.232.jar:2.3.232]
	at org.h2.jdbc.JdbcStatement.executeInternal(JdbcStatement.java:245) ~[h2-2.3.232.jar:2.3.232]
	at org.h2.jdbc.JdbcStatement.execute(JdbcStatement.java:231) ~[h2-2.3.232.jar:2.3.232]
	at org.hibernate.tool.schema.internal.exec.GenerationTargetToDatabase.accept(GenerationTargetToDatabase.java:80) ~[hibernate-core-6.6.5.Final.jar:6.6.5.Final]
	... 116 common frames omitted

Hibernate: drop table if exists bookings cascade
Hibernate: drop table if exists movies cascade
Hibernate: drop table if exists seats cascade
Hibernate: drop table if exists show_seats cascade
Hibernate: drop table if exists showtimes cascade
Hibernate: drop table if exists theaters cascade
Hibernate: create table bookings (seat_number integer not null, showtime_id bigint not null, booking_id uuid not null, user_id uuid not null, primary key (booking_id))
Hibernate: create table movies (duration integer not null, rating float(53) not null, release_year integer not null, id bigint generated by default as identity, genre varchar(255) not null, title varchar(255) not null unique, primary key (id))
Hibernate: create table seats (number integer not null, id bigint generated by default as identity, theater_id bigint not null, primary key (id))
Hibernate: create table show_seats (is_available boolean not null, id bigint generated by default as identity, seat_id bigint not null, showtime_id bigint not null, primary key (id))
Hibernate: create table showtimes (price float(53) not null, end_time timestamp(6) not null, id bigint generated by default as identity, movie_id bigint not null, start_time timestamp(6) not null, theater varchar(255) not null, primary key (id))
Hibernate: create table theaters (number_of_seats integer not null, id bigint generated by default as identity, name varchar(255) not null unique, primary key (id))
2025-03-24T17:05:14.226+02:00  INFO 113047 --- [popcorn-palace] [           main] j.LocalContainerEntityManagerFactoryBean : Initialized JPA EntityManagerFactory for persistence unit 'default'
2025-03-24T17:05:14.422+02:00  INFO 113047 --- [popcorn-palace] [           main] c.a.t.p.r.TheaterRepositoryTest          : Started TheaterRepositoryTest in 0.913 seconds (process running for 24.874)
Hibernate: select t1_0.id,t1_0.name,t1_0.number_of_seats from theaters t1_0 where t1_0.name=?
Hibernate: insert into theaters (name,number_of_seats) values (?,?)
Hibernate: insert into theaters (name,number_of_seats) values (?,?)
Hibernate: insert into theaters (name,number_of_seats) values (?,?)
Hibernate: select t1_0.id,t1_0.name,t1_0.number_of_seats from theaters t1_0
Hibernate: select count(*) from theaters t1_0
Hibernate: insert into theaters (name,number_of_seats) values (?,?)
Hibernate: insert into theaters (name,number_of_seats) values (?,?)
Hibernate: select count(*) from theaters t1_0
Hibernate: insert into theaters (name,number_of_seats) values (?,?)
Hibernate: select t1_0.id,t1_0.name,t1_0.number_of_seats from theaters t1_0 where t1_0.name=?
Hibernate: insert into theaters (name,number_of_seats) values (?,?)
[INFO] Tests run: 6, Failures: 0, Errors: 0, Skipped: 0, Time elapsed: 1.346 s -- in com.att.tdp.popcorn_palace.repository.TheaterRepositoryTest
[INFO] Running com.att.tdp.popcorn_palace.repository.SeatRepositoryTest
2025-03-24T17:05:14.787+02:00  INFO 113047 --- [popcorn-palace] [           main] t.c.s.AnnotationConfigContextLoaderUtils : Could not detect default configuration classes for test class [com.att.tdp.popcorn_palace.repository.SeatRepositoryTest]: SeatRepositoryTest does not declare any static, non-private, non-final, nested classes annotated with @Configuration.
2025-03-24T17:05:14.806+02:00  INFO 113047 --- [popcorn-palace] [           main] .b.t.c.SpringBootTestContextBootstrapper : Found @SpringBootConfiguration com.att.tdp.popcorn_palace.PopcornPalaceApplication for test class com.att.tdp.popcorn_palace.repository.SeatRepositoryTest
Hibernate: insert into theaters (name,number_of_seats) values (?,?)
Hibernate: select s1_0.id,s1_0.number,s1_0.theater_id from seats s1_0 where s1_0.theater_id=?
Hibernate: insert into theaters (name,number_of_seats) values (?,?)
Hibernate: insert into seats (number,theater_id) values (?,?)
Hibernate: insert into theaters (name,number_of_seats) values (?,?)
Hibernate: insert into seats (number,theater_id) values (?,?)
Hibernate: select s1_0.id,s1_0.number,s1_0.theater_id from seats s1_0 where s1_0.theater_id=? and s1_0.number=?
Hibernate: insert into theaters (name,number_of_seats) values (?,?)
Hibernate: insert into seats (number,theater_id) values (?,?)
Hibernate: insert into seats (number,theater_id) values (?,?)
Hibernate: insert into seats (number,theater_id) values (?,?)
Hibernate: insert into seats (number,theater_id) values (?,?)
Hibernate: insert into seats (number,theater_id) values (?,?)
Hibernate: select s1_0.id,s1_0.number,s1_0.theater_id from seats s1_0 where s1_0.theater_id=?
Hibernate: insert into theaters (name,number_of_seats) values (?,?)
Hibernate: select s1_0.id,s1_0.number,s1_0.theater_id from seats s1_0 where s1_0.theater_id=? and s1_0.number=?
[INFO] Tests run: 5, Failures: 0, Errors: 0, Skipped: 0, Time elapsed: 0.160 s -- in com.att.tdp.popcorn_palace.repository.SeatRepositoryTest
[INFO] Running com.att.tdp.popcorn_palace.repository.BookingRepositoryTest
2025-03-24T17:05:14.951+02:00  INFO 113047 --- [popcorn-palace] [           main] t.c.s.AnnotationConfigContextLoaderUtils : Could not detect default configuration classes for test class [com.att.tdp.popcorn_palace.repository.BookingRepositoryTest]: BookingRepositoryTest does not declare any static, non-private, non-final, nested classes annotated with @Configuration.
2025-03-24T17:05:14.970+02:00  INFO 113047 --- [popcorn-palace] [           main] .b.t.c.SpringBootTestContextBootstrapper : Found @SpringBootConfiguration com.att.tdp.popcorn_palace.PopcornPalaceApplication for test class com.att.tdp.popcorn_palace.repository.BookingRepositoryTest
Hibernate: select b1_0.booking_id from bookings b1_0 where b1_0.showtime_id=? and b1_0.seat_number=? fetch first ? rows only
Hibernate: insert into bookings (seat_number,showtime_id,user_id,booking_id) values (?,?,?,?)
Hibernate: select b1_0.booking_id from bookings b1_0 where b1_0.showtime_id=? and b1_0.seat_number=? fetch first ? rows only
[INFO] Tests run: 4, Failures: 0, Errors: 0, Skipped: 0, Time elapsed: 0.175 s -- in com.att.tdp.popcorn_palace.repository.BookingRepositoryTest
[INFO] Running com.att.tdp.popcorn_palace.repository.ShowtimeRepositoryTest
2025-03-24T17:05:15.130+02:00  INFO 113047 --- [popcorn-palace] [           main] t.c.s.AnnotationConfigContextLoaderUtils : Could not detect default configuration classes for test class [com.att.tdp.popcorn_palace.repository.ShowtimeRepositoryTest]: ShowtimeRepositoryTest does not declare any static, non-private, non-final, nested classes annotated with @Configuration.
2025-03-24T17:05:15.148+02:00  INFO 113047 --- [popcorn-palace] [           main] .b.t.c.SpringBootTestContextBootstrapper : Found @SpringBootConfiguration com.att.tdp.popcorn_palace.PopcornPalaceApplication for test class com.att.tdp.popcorn_palace.repository.ShowtimeRepositoryTest
Hibernate: insert into showtimes (end_time,movie_id,price,start_time,theater) values (?,?,?,?,?)
Hibernate: insert into showtimes (end_time,movie_id,price,start_time,theater) values (?,?,?,?,?)
Hibernate: select s1_0.id,s1_0.end_time,s1_0.movie_id,s1_0.price,s1_0.start_time,s1_0.theater from showtimes s1_0 where s1_0.theater=? and ((s1_0.start_time<=? and s1_0.end_time>=?) or (s1_0.start_time>=? and s1_0.start_time<?) or (s1_0.end_time>? and s1_0.end_time<=?))
Hibernate: select s1_0.id,s1_0.end_time,s1_0.movie_id,s1_0.price,s1_0.start_time,s1_0.theater from showtimes s1_0 where s1_0.theater=? and ((s1_0.start_time<=? and s1_0.end_time>=?) or (s1_0.start_time>=? and s1_0.start_time<?) or (s1_0.end_time>? and s1_0.end_time<=?))
Hibernate: select s1_0.id,s1_0.end_time,s1_0.movie_id,s1_0.price,s1_0.start_time,s1_0.theater from showtimes s1_0 where s1_0.theater=? and ((s1_0.start_time<=? and s1_0.end_time>=?) or (s1_0.start_time>=? and s1_0.start_time<?) or (s1_0.end_time>? and s1_0.end_time<=?))
Hibernate: select s1_0.id,s1_0.end_time,s1_0.movie_id,s1_0.price,s1_0.start_time,s1_0.theater from showtimes s1_0 where s1_0.theater=? and ((s1_0.start_time<=? and s1_0.end_time>=?) or (s1_0.start_time>=? and s1_0.start_time<?) or (s1_0.end_time>? and s1_0.end_time<=?))
Hibernate: insert into showtimes (end_time,movie_id,price,start_time,theater) values (?,?,?,?,?)
Hibernate: select s1_0.id,s1_0.end_time,s1_0.movie_id,s1_0.price,s1_0.start_time,s1_0.theater from showtimes s1_0 where s1_0.theater=? and ((s1_0.start_time<=? and s1_0.end_time>=?) or (s1_0.start_time>=? and s1_0.start_time<?) or (s1_0.end_time>? and s1_0.end_time<=?))
Hibernate: select s1_0.id,s1_0.end_time,s1_0.movie_id,s1_0.price,s1_0.start_time,s1_0.theater from showtimes s1_0 where s1_0.theater=? and ((s1_0.start_time<=? and s1_0.end_time>=?) or (s1_0.start_time>=? and s1_0.start_time<?) or (s1_0.end_time>? and s1_0.end_time<=?))
Hibernate: select s1_0.id,s1_0.end_time,s1_0.movie_id,s1_0.price,s1_0.start_time,s1_0.theater from showtimes s1_0 where s1_0.theater=? and ((s1_0.start_time<=? and s1_0.end_time>=?) or (s1_0.start_time>=? and s1_0.start_time<?) or (s1_0.end_time>? and s1_0.end_time<=?))
[INFO] Tests run: 3, Failures: 0, Errors: 0, Skipped: 0, Time elapsed: 0.100 s -- in com.att.tdp.popcorn_palace.repository.ShowtimeRepositoryTest
[INFO] Running com.att.tdp.popcorn_palace.repository.ShowSeatRepositoryTest
2025-03-24T17:05:15.230+02:00  INFO 113047 --- [popcorn-palace] [           main] t.c.s.AnnotationConfigContextLoaderUtils : Could not detect default configuration classes for test class [com.att.tdp.popcorn_palace.repository.ShowSeatRepositoryTest]: ShowSeatRepositoryTest does not declare any static, non-private, non-final, nested classes annotated with @Configuration.
2025-03-24T17:05:15.244+02:00  INFO 113047 --- [popcorn-palace] [           main] .b.t.c.SpringBootTestContextBootstrapper : Found @SpringBootConfiguration com.att.tdp.popcorn_palace.PopcornPalaceApplication for test class com.att.tdp.popcorn_palace.repository.ShowSeatRepositoryTest
Hibernate: insert into show_seats (is_available,seat_id,showtime_id) values (?,?,?)
Hibernate: select ss1_0.id,ss1_0.is_available,ss1_0.seat_id,ss1_0.showtime_id from show_seats ss1_0 where ss1_0.showtime_id=? and ss1_0.seat_id=?
Hibernate: insert into show_seats (is_available,seat_id,showtime_id) values (?,?,?)
Hibernate: insert into show_seats (is_available,seat_id,showtime_id) values (?,?,?)
Hibernate: insert into show_seats (is_available,seat_id,showtime_id) values (?,?,?)
Hibernate: insert into show_seats (is_available,seat_id,showtime_id) values (?,?,?)
Hibernate: insert into show_seats (is_available,seat_id,showtime_id) values (?,?,?)
Hibernate: select ss1_0.id,ss1_0.is_available,ss1_0.seat_id,ss1_0.showtime_id from show_seats ss1_0 where ss1_0.showtime_id=?
Hibernate: insert into show_seats (is_available,seat_id,showtime_id) values (?,?,?)
Hibernate: UPDATE show_seats SET id = id WHERE showtime_id = ? AND seat_id = ?
Hibernate: select ss1_0.id,ss1_0.is_available,ss1_0.seat_id,ss1_0.showtime_id from show_seats ss1_0 where ss1_0.showtime_id=? and ss1_0.seat_id=?
Hibernate: insert into show_seats (is_available,seat_id,showtime_id) values (?,?,?)
Hibernate: select ss1_0.id,ss1_0.is_available,ss1_0.seat_id,ss1_0.showtime_id from show_seats ss1_0 where ss1_0.showtime_id=? and ss1_0.seat_id=?
Hibernate: insert into show_seats (is_available,seat_id,showtime_id) values (?,?,?)
Hibernate: insert into show_seats (is_available,seat_id,showtime_id) values (?,?,?)
Hibernate: insert into show_seats (is_available,seat_id,showtime_id) values (?,?,?)
Hibernate: select ss1_0.id,ss1_0.is_available,ss1_0.seat_id,ss1_0.showtime_id from show_seats ss1_0 where ss1_0.showtime_id=?
Hibernate: select ss1_0.id,ss1_0.is_available,ss1_0.seat_id,ss1_0.showtime_id from show_seats ss1_0 where ss1_0.showtime_id=?
Hibernate: delete from show_seats where id=?
Hibernate: delete from show_seats where id=?
Hibernate: delete from show_seats where id=?
Hibernate: select ss1_0.id,ss1_0.is_available,ss1_0.seat_id,ss1_0.showtime_id from show_seats ss1_0 where ss1_0.showtime_id=?
[INFO] Tests run: 6, Failures: 0, Errors: 0, Skipped: 0, Time elapsed: 0.189 s -- in com.att.tdp.popcorn_palace.repository.ShowSeatRepositoryTest
[INFO] Running com.att.tdp.popcorn_palace.repository.MovieRepositoryTest
2025-03-24T17:05:15.428+02:00  INFO 113047 --- [popcorn-palace] [           main] t.c.s.AnnotationConfigContextLoaderUtils : Could not detect default configuration classes for test class [com.att.tdp.popcorn_palace.repository.MovieRepositoryTest]: MovieRepositoryTest does not declare any static, non-private, non-final, nested classes annotated with @Configuration.
2025-03-24T17:05:15.446+02:00  INFO 113047 --- [popcorn-palace] [           main] .b.t.c.SpringBootTestContextBootstrapper : Found @SpringBootConfiguration com.att.tdp.popcorn_palace.PopcornPalaceApplication for test class com.att.tdp.popcorn_palace.repository.MovieRepositoryTest
Hibernate: insert into movies (duration,genre,rating,release_year,title) values (?,?,?,?,?)
Hibernate: insert into movies (duration,genre,rating,release_year,title) values (?,?,?,?,?)
Hibernate: select m1_0.id,m1_0.duration,m1_0.genre,m1_0.rating,m1_0.release_year,m1_0.title from movies m1_0
Hibernate: select m1_0.id,m1_0.duration,m1_0.genre,m1_0.rating,m1_0.release_year,m1_0.title from movies m1_0 where m1_0.title=?
Hibernate: insert into movies (duration,genre,rating,release_year,title) values (?,?,?,?,?)
Hibernate: select m1_0.id,m1_0.duration,m1_0.genre,m1_0.rating,m1_0.release_year,m1_0.title from movies m1_0 where m1_0.title=?
Hibernate: insert into movies (duration,genre,rating,release_year,title) values (?,?,?,?,?)
Hibernate: insert into movies (duration,genre,rating,release_year,title) values (?,?,?,?,?)
Hibernate: select m1_0.id,m1_0.duration,m1_0.genre,m1_0.rating,m1_0.release_year,m1_0.title from movies m1_0 where m1_0.title=?
Hibernate: select m1_0.id,m1_0.duration,m1_0.genre,m1_0.rating,m1_0.release_year,m1_0.title from movies m1_0 where m1_0.title=?
Hibernate: delete from movies where id=?
Hibernate: select m1_0.id,m1_0.duration,m1_0.genre,m1_0.rating,m1_0.release_year,m1_0.title from movies m1_0 where m1_0.title=?
[INFO] Tests run: 5, Failures: 0, Errors: 0, Skipped: 0, Time elapsed: 0.106 s -- in com.att.tdp.popcorn_palace.repository.MovieRepositoryTest
[INFO] Running com.att.tdp.popcorn_palace.integration.ShowtimeManagementIntegrationTest
2025-03-24T17:05:15.533+02:00  INFO 113047 --- [popcorn-palace] [           main] t.c.s.AnnotationConfigContextLoaderUtils : Could not detect default configuration classes for test class [com.att.tdp.popcorn_palace.integration.ShowtimeManagementIntegrationTest]: ShowtimeManagementIntegrationTest does not declare any static, non-private, non-final, nested classes annotated with @Configuration.
2025-03-24T17:05:15.545+02:00  INFO 113047 --- [popcorn-palace] [           main] .b.t.c.SpringBootTestContextBootstrapper : Found @SpringBootConfiguration com.att.tdp.popcorn_palace.PopcornPalaceApplication for test class com.att.tdp.popcorn_palace.integration.ShowtimeManagementIntegrationTest

  .   ____          _            __ _ _
 /\\ / ___'_ __ _ _(_)_ __  __ _ \ \ \ \
( ( )\___ | '_ | '_| | '_ \/ _` | \ \ \ \
 \\/  ___)| |_)| | | | | || (_| |  ) ) ) )
  '  |____| .__|_| |_|_| |_\__, | / / / /
 =========|_|==============|___/=/_/_/_/

 :: Spring Boot ::                (v3.4.2)

2025-03-24T17:05:15.584+02:00  INFO 113047 --- [popcorn-palace] [           main] .t.p.i.ShowtimeManagementIntegrationTest : Starting ShowtimeManagementIntegrationTest using Java 21.0.6 with PID 113047 (started by lbh in /home/lbh/git-projects/popcorn-palace)
2025-03-24T17:05:15.584+02:00  INFO 113047 --- [popcorn-palace] [           main] .t.p.i.ShowtimeManagementIntegrationTest : The following 1 profile is active: "test"
2025-03-24T17:05:15.863+02:00  INFO 113047 --- [popcorn-palace] [           main] .s.d.r.c.RepositoryConfigurationDelegate : Bootstrapping Spring Data JPA repositories in DEFAULT mode.
2025-03-24T17:05:15.903+02:00  INFO 113047 --- [popcorn-palace] [           main] .s.d.r.c.RepositoryConfigurationDelegate : Finished Spring Data repository scanning in 38 ms. Found 6 JPA repository interfaces.
2025-03-24T17:05:16.051+02:00  INFO 113047 --- [popcorn-palace] [           main] com.zaxxer.hikari.HikariDataSource       : HikariPool-2 - Starting...
2025-03-24T17:05:16.052+02:00  INFO 113047 --- [popcorn-palace] [           main] com.zaxxer.hikari.pool.HikariPool        : HikariPool-2 - Added connection conn47: url=jdbc:h2:mem:db user=SA
2025-03-24T17:05:16.053+02:00  INFO 113047 --- [popcorn-palace] [           main] com.zaxxer.hikari.HikariDataSource       : HikariPool-2 - Start completed.
2025-03-24T17:05:16.084+02:00  INFO 113047 --- [popcorn-palace] [           main] o.hibernate.jpa.internal.util.LogHelper  : HHH000204: Processing PersistenceUnitInfo [name: default]
2025-03-24T17:05:16.088+02:00  INFO 113047 --- [popcorn-palace] [           main] o.h.c.internal.RegionFactoryInitiator    : HHH000026: Second-level cache disabled
2025-03-24T17:05:16.101+02:00  INFO 113047 --- [popcorn-palace] [           main] o.s.o.j.p.SpringPersistenceUnitInfo      : No LoadTimeWeaver setup: ignoring JPA class transformer
2025-03-24T17:05:16.102+02:00  WARN 113047 --- [popcorn-palace] [           main] org.hibernate.dialect.Dialect            : HHH000511: The 2.3.232 version for [org.hibernate.dialect.PostgreSQLDialect] is no longer supported, hence certain features may not work properly. The minimum supported version is 12.0.0. Check the community dialects project for available legacy versions.
2025-03-24T17:05:16.103+02:00  WARN 113047 --- [popcorn-palace] [           main] org.hibernate.orm.deprecation            : HHH90000025: PostgreSQLDialect does not need to be specified explicitly using 'hibernate.dialect' (remove the property setting and it will be selected by default)
2025-03-24T17:05:16.103+02:00  INFO 113047 --- [popcorn-palace] [           main] org.hibernate.orm.connections.pooling    : HHH10001005: Database info:
	Database JDBC URL [Connecting through datasource 'HikariDataSource (HikariPool-2)']
	Database driver: undefined/unknown
	Database version: 2.3.232
	Autocommit mode: undefined/unknown
	Isolation level: undefined/unknown
	Minimum pool size: undefined/unknown
	Maximum pool size: undefined/unknown
2025-03-24T17:05:16.273+02:00  INFO 113047 --- [popcorn-palace] [           main] o.h.e.t.j.p.i.JtaPlatformInitiator       : HHH000489: No JTA platform available (set 'hibernate.transaction.jta.platform' to enable JTA platform integration)
Hibernate: set client_min_messages = WARNING
Hibernate: drop table if exists bookings cascade
Hibernate: drop table if exists movies cascade
Hibernate: drop table if exists seats cascade
Hibernate: drop table if exists show_seats cascade
Hibernate: drop table if exists showtimes cascade
Hibernate: drop table if exists theaters cascade
Hibernate: create table bookings (seat_number integer not null, showtime_id bigint not null, booking_id uuid not null, user_id uuid not null, primary key (booking_id))
Hibernate: create table movies (duration integer not null, rating float(53) not null, release_year integer not null, id bigint generated by default as identity, genre varchar(255) not null, title varchar(255) not null unique, primary key (id))
Hibernate: create table seats (number integer not null, id bigint generated by default as identity, theater_id bigint not null, primary key (id))
Hibernate: create table show_seats (is_available boolean not null, id bigint generated by default as identity, seat_id bigint not null, showtime_id bigint not null, primary key (id))
Hibernate: create table showtimes (price float(53) not null, end_time timestamp(6) not null, id bigint generated by default as identity, movie_id bigint not null, start_time timestamp(6) not null, theater varchar(255) not null, primary key (id))
Hibernate: create table theaters (number_of_seats integer not null, id bigint generated by default as identity, name varchar(255) not null unique, primary key (id))
2025-03-24T17:05:16.290+02:00  INFO 113047 --- [popcorn-palace] [           main] j.LocalContainerEntityManagerFactoryBean : Initialized JPA EntityManagerFactory for persistence unit 'default'
2025-03-24T17:05:16.495+02:00  WARN 113047 --- [popcorn-palace] [           main] JpaBaseConfiguration$JpaWebConfiguration : spring.jpa.open-in-view is enabled by default. Therefore, database queries may be performed during view rendering. Explicitly configure spring.jpa.open-in-view to disable this warning
2025-03-24T17:05:16.512+02:00  INFO 113047 --- [popcorn-palace] [           main] o.s.v.b.OptionalValidatorFactoryBean     : Failed to set up a Bean Validation provider: jakarta.validation.NoProviderFoundException: Unable to create a Configuration, because no Jakarta Bean Validation provider could be found. Add a provider like Hibernate Validator (RI) to your classpath.
2025-03-24T17:05:16.697+02:00  INFO 113047 --- [popcorn-palace] [           main] o.s.b.a.h2.H2ConsoleAutoConfiguration    : H2 console available at '/h2-console'. Database available at 'jdbc:h2:mem:db'
2025-03-24T17:05:16.753+02:00  INFO 113047 --- [popcorn-palace] [           main] .t.p.i.ShowtimeManagementIntegrationTest : Started ShowtimeManagementIntegrationTest in 1.204 seconds (process running for 27.205)
Hibernate: select count(*) from theaters t1_0
Hibernate: select t1_0.id,t1_0.name,t1_0.number_of_seats from theaters t1_0 where t1_0.name=?
Hibernate: insert into theaters (name,number_of_seats) values (?,?)
Hibernate: insert into seats (number,theater_id) values (?,?)
Hibernate: insert into seats (number,theater_id) values (?,?)
Hibernate: insert into seats (number,theater_id) values (?,?)
Hibernate: insert into seats (number,theater_id) values (?,?)
Hibernate: insert into seats (number,theater_id) values (?,?)
Hibernate: insert into seats (number,theater_id) values (?,?)
Hibernate: insert into seats (number,theater_id) values (?,?)
Hibernate: insert into seats (number,theater_id) values (?,?)
Hibernate: insert into seats (number,theater_id) values (?,?)
Hibernate: insert into seats (number,theater_id) values (?,?)
Hibernate: insert into seats (number,theater_id) values (?,?)
Hibernate: insert into seats (number,theater_id) values (?,?)
Hibernate: insert into seats (number,theater_id) values (?,?)
Hibernate: insert into seats (number,theater_id) values (?,?)
Hibernate: insert into seats (number,theater_id) values (?,?)
Hibernate: insert into seats (number,theater_id) values (?,?)
Hibernate: insert into seats (number,theater_id) values (?,?)
Hibernate: insert into seats (number,theater_id) values (?,?)
Hibernate: insert into seats (number,theater_id) values (?,?)
Hibernate: insert into seats (number,theater_id) values (?,?)
Hibernate: insert into seats (number,theater_id) values (?,?)
Hibernate: insert into seats (number,theater_id) values (?,?)
Hibernate: insert into seats (number,theater_id) values (?,?)
Hibernate: insert into seats (number,theater_id) values (?,?)
Hibernate: insert into seats (number,theater_id) values (?,?)
Hibernate: insert into seats (number,theater_id) values (?,?)
Hibernate: insert into seats (number,theater_id) values (?,?)
Hibernate: insert into seats (number,theater_id) values (?,?)
Hibernate: insert into seats (number,theater_id) values (?,?)
Hibernate: insert into seats (number,theater_id) values (?,?)
Hibernate: insert into seats (number,theater_id) values (?,?)
Hibernate: insert into seats (number,theater_id) values (?,?)
Hibernate: insert into seats (number,theater_id) values (?,?)
Hibernate: insert into seats (number,theater_id) values (?,?)
Hibernate: insert into seats (number,theater_id) values (?,?)
Hibernate: insert into seats (number,theater_id) values (?,?)
Hibernate: insert into seats (number,theater_id) values (?,?)
Hibernate: insert into seats (number,theater_id) values (?,?)
Hibernate: insert into seats (number,theater_id) values (?,?)
Hibernate: insert into seats (number,theater_id) values (?,?)
Hibernate: insert into seats (number,theater_id) values (?,?)
Hibernate: insert into seats (number,theater_id) values (?,?)
Hibernate: insert into seats (number,theater_id) values (?,?)
Hibernate: insert into seats (number,theater_id) values (?,?)
Hibernate: insert into seats (number,theater_id) values (?,?)
Hibernate: insert into seats (number,theater_id) values (?,?)
Hibernate: insert into seats (number,theater_id) values (?,?)
Hibernate: insert into seats (number,theater_id) values (?,?)
Hibernate: insert into seats (number,theater_id) values (?,?)
Hibernate: insert into seats (number,theater_id) values (?,?)
Hibernate: insert into seats (number,theater_id) values (?,?)
Hibernate: insert into seats (number,theater_id) values (?,?)
Hibernate: insert into seats (number,theater_id) values (?,?)
Hibernate: insert into seats (number,theater_id) values (?,?)
Hibernate: insert into seats (number,theater_id) values (?,?)
Hibernate: insert into seats (number,theater_id) values (?,?)
Hibernate: insert into seats (number,theater_id) values (?,?)
Hibernate: insert into seats (number,theater_id) values (?,?)
Hibernate: insert into seats (number,theater_id) values (?,?)
Hibernate: insert into seats (number,theater_id) values (?,?)
Hibernate: insert into seats (number,theater_id) values (?,?)
Hibernate: insert into seats (number,theater_id) values (?,?)
Hibernate: insert into seats (number,theater_id) values (?,?)
Hibernate: insert into seats (number,theater_id) values (?,?)
Hibernate: insert into seats (number,theater_id) values (?,?)
Hibernate: insert into seats (number,theater_id) values (?,?)
Hibernate: insert into seats (number,theater_id) values (?,?)
Hibernate: insert into seats (number,theater_id) values (?,?)
Hibernate: insert into seats (number,theater_id) values (?,?)
Hibernate: insert into seats (number,theater_id) values (?,?)
Hibernate: insert into seats (number,theater_id) values (?,?)
Hibernate: insert into seats (number,theater_id) values (?,?)
Hibernate: insert into seats (number,theater_id) values (?,?)
Hibernate: insert into seats (number,theater_id) values (?,?)
Hibernate: insert into seats (number,theater_id) values (?,?)
Hibernate: insert into seats (number,theater_id) values (?,?)
Hibernate: insert into seats (number,theater_id) values (?,?)
Hibernate: insert into seats (number,theater_id) values (?,?)
Hibernate: insert into seats (number,theater_id) values (?,?)
Hibernate: insert into seats (number,theater_id) values (?,?)
Hibernate: insert into seats (number,theater_id) values (?,?)
Hibernate: insert into seats (number,theater_id) values (?,?)
Hibernate: insert into seats (number,theater_id) values (?,?)
Hibernate: insert into seats (number,theater_id) values (?,?)
Hibernate: insert into seats (number,theater_id) values (?,?)
Hibernate: insert into seats (number,theater_id) values (?,?)
Hibernate: insert into seats (number,theater_id) values (?,?)
Hibernate: insert into seats (number,theater_id) values (?,?)
Hibernate: insert into seats (number,theater_id) values (?,?)
Hibernate: insert into seats (number,theater_id) values (?,?)
Hibernate: insert into seats (number,theater_id) values (?,?)
Hibernate: insert into seats (number,theater_id) values (?,?)
Hibernate: insert into seats (number,theater_id) values (?,?)
Hibernate: insert into seats (number,theater_id) values (?,?)
Hibernate: insert into seats (number,theater_id) values (?,?)
Hibernate: insert into seats (number,theater_id) values (?,?)
Hibernate: insert into seats (number,theater_id) values (?,?)
Hibernate: insert into seats (number,theater_id) values (?,?)
Hibernate: insert into seats (number,theater_id) values (?,?)
Hibernate: insert into seats (number,theater_id) values (?,?)
Hibernate: select m1_0.id,m1_0.duration,m1_0.genre,m1_0.rating,m1_0.release_year,m1_0.title from movies m1_0 where m1_0.title=?
Hibernate: insert into movies (duration,genre,rating,release_year,title) values (?,?,?,?,?)
Hibernate: select count(*) from movies m1_0 where m1_0.id=?
Hibernate: select s1_0.id,s1_0.end_time,s1_0.movie_id,s1_0.price,s1_0.start_time,s1_0.theater from showtimes s1_0 where s1_0.theater=? and ((s1_0.start_time<=? and s1_0.end_time>=?) or (s1_0.start_time>=? and s1_0.start_time<?) or (s1_0.end_time>? and s1_0.end_time<=?))
Hibernate: select t1_0.id,t1_0.name,t1_0.number_of_seats from theaters t1_0 where t1_0.name=?
Hibernate: insert into showtimes (end_time,movie_id,price,start_time,theater) values (?,?,?,?,?)
Hibernate: select s1_0.id,s1_0.number,s1_0.theater_id from seats s1_0 where s1_0.theater_id=?
Hibernate: insert into show_seats (is_available,seat_id,showtime_id) values (?,?,?)
Hibernate: insert into show_seats (is_available,seat_id,showtime_id) values (?,?,?)
Hibernate: insert into show_seats (is_available,seat_id,showtime_id) values (?,?,?)
Hibernate: insert into show_seats (is_available,seat_id,showtime_id) values (?,?,?)
Hibernate: insert into show_seats (is_available,seat_id,showtime_id) values (?,?,?)
Hibernate: insert into show_seats (is_available,seat_id,showtime_id) values (?,?,?)
Hibernate: insert into show_seats (is_available,seat_id,showtime_id) values (?,?,?)
Hibernate: insert into show_seats (is_available,seat_id,showtime_id) values (?,?,?)
Hibernate: insert into show_seats (is_available,seat_id,showtime_id) values (?,?,?)
Hibernate: insert into show_seats (is_available,seat_id,showtime_id) values (?,?,?)
Hibernate: insert into show_seats (is_available,seat_id,showtime_id) values (?,?,?)
Hibernate: insert into show_seats (is_available,seat_id,showtime_id) values (?,?,?)
Hibernate: insert into show_seats (is_available,seat_id,showtime_id) values (?,?,?)
Hibernate: insert into show_seats (is_available,seat_id,showtime_id) values (?,?,?)
Hibernate: insert into show_seats (is_available,seat_id,showtime_id) values (?,?,?)
Hibernate: insert into show_seats (is_available,seat_id,showtime_id) values (?,?,?)
Hibernate: insert into show_seats (is_available,seat_id,showtime_id) values (?,?,?)
Hibernate: insert into show_seats (is_available,seat_id,showtime_id) values (?,?,?)
Hibernate: insert into show_seats (is_available,seat_id,showtime_id) values (?,?,?)
Hibernate: insert into show_seats (is_available,seat_id,showtime_id) values (?,?,?)
Hibernate: insert into show_seats (is_available,seat_id,showtime_id) values (?,?,?)
Hibernate: insert into show_seats (is_available,seat_id,showtime_id) values (?,?,?)
Hibernate: insert into show_seats (is_available,seat_id,showtime_id) values (?,?,?)
Hibernate: insert into show_seats (is_available,seat_id,showtime_id) values (?,?,?)
Hibernate: insert into show_seats (is_available,seat_id,showtime_id) values (?,?,?)
Hibernate: insert into show_seats (is_available,seat_id,showtime_id) values (?,?,?)
Hibernate: insert into show_seats (is_available,seat_id,showtime_id) values (?,?,?)
Hibernate: insert into show_seats (is_available,seat_id,showtime_id) values (?,?,?)
Hibernate: insert into show_seats (is_available,seat_id,showtime_id) values (?,?,?)
Hibernate: insert into show_seats (is_available,seat_id,showtime_id) values (?,?,?)
Hibernate: insert into show_seats (is_available,seat_id,showtime_id) values (?,?,?)
Hibernate: insert into show_seats (is_available,seat_id,showtime_id) values (?,?,?)
Hibernate: insert into show_seats (is_available,seat_id,showtime_id) values (?,?,?)
Hibernate: insert into show_seats (is_available,seat_id,showtime_id) values (?,?,?)
Hibernate: insert into show_seats (is_available,seat_id,showtime_id) values (?,?,?)
Hibernate: insert into show_seats (is_available,seat_id,showtime_id) values (?,?,?)
Hibernate: insert into show_seats (is_available,seat_id,showtime_id) values (?,?,?)
Hibernate: insert into show_seats (is_available,seat_id,showtime_id) values (?,?,?)
Hibernate: insert into show_seats (is_available,seat_id,showtime_id) values (?,?,?)
Hibernate: insert into show_seats (is_available,seat_id,showtime_id) values (?,?,?)
Hibernate: insert into show_seats (is_available,seat_id,showtime_id) values (?,?,?)
Hibernate: insert into show_seats (is_available,seat_id,showtime_id) values (?,?,?)
Hibernate: insert into show_seats (is_available,seat_id,showtime_id) values (?,?,?)
Hibernate: insert into show_seats (is_available,seat_id,showtime_id) values (?,?,?)
Hibernate: insert into show_seats (is_available,seat_id,showtime_id) values (?,?,?)
Hibernate: insert into show_seats (is_available,seat_id,showtime_id) values (?,?,?)
Hibernate: insert into show_seats (is_available,seat_id,showtime_id) values (?,?,?)
Hibernate: insert into show_seats (is_available,seat_id,showtime_id) values (?,?,?)
Hibernate: insert into show_seats (is_available,seat_id,showtime_id) values (?,?,?)
Hibernate: insert into show_seats (is_available,seat_id,showtime_id) values (?,?,?)
Hibernate: insert into show_seats (is_available,seat_id,showtime_id) values (?,?,?)
Hibernate: insert into show_seats (is_available,seat_id,showtime_id) values (?,?,?)
Hibernate: insert into show_seats (is_available,seat_id,showtime_id) values (?,?,?)
Hibernate: insert into show_seats (is_available,seat_id,showtime_id) values (?,?,?)
Hibernate: insert into show_seats (is_available,seat_id,showtime_id) values (?,?,?)
Hibernate: insert into show_seats (is_available,seat_id,showtime_id) values (?,?,?)
Hibernate: insert into show_seats (is_available,seat_id,showtime_id) values (?,?,?)
Hibernate: insert into show_seats (is_available,seat_id,showtime_id) values (?,?,?)
Hibernate: insert into show_seats (is_available,seat_id,showtime_id) values (?,?,?)
Hibernate: insert into show_seats (is_available,seat_id,showtime_id) values (?,?,?)
Hibernate: insert into show_seats (is_available,seat_id,showtime_id) values (?,?,?)
Hibernate: insert into show_seats (is_available,seat_id,showtime_id) values (?,?,?)
Hibernate: insert into show_seats (is_available,seat_id,showtime_id) values (?,?,?)
Hibernate: insert into show_seats (is_available,seat_id,showtime_id) values (?,?,?)
Hibernate: insert into show_seats (is_available,seat_id,showtime_id) values (?,?,?)
Hibernate: insert into show_seats (is_available,seat_id,showtime_id) values (?,?,?)
Hibernate: insert into show_seats (is_available,seat_id,showtime_id) values (?,?,?)
Hibernate: insert into show_seats (is_available,seat_id,showtime_id) values (?,?,?)
Hibernate: insert into show_seats (is_available,seat_id,showtime_id) values (?,?,?)
Hibernate: insert into show_seats (is_available,seat_id,showtime_id) values (?,?,?)
Hibernate: insert into show_seats (is_available,seat_id,showtime_id) values (?,?,?)
Hibernate: insert into show_seats (is_available,seat_id,showtime_id) values (?,?,?)
Hibernate: insert into show_seats (is_available,seat_id,showtime_id) values (?,?,?)
Hibernate: insert into show_seats (is_available,seat_id,showtime_id) values (?,?,?)
Hibernate: insert into show_seats (is_available,seat_id,showtime_id) values (?,?,?)
Hibernate: insert into show_seats (is_available,seat_id,showtime_id) values (?,?,?)
Hibernate: insert into show_seats (is_available,seat_id,showtime_id) values (?,?,?)
Hibernate: insert into show_seats (is_available,seat_id,showtime_id) values (?,?,?)
Hibernate: insert into show_seats (is_available,seat_id,showtime_id) values (?,?,?)
Hibernate: insert into show_seats (is_available,seat_id,showtime_id) values (?,?,?)
Hibernate: insert into show_seats (is_available,seat_id,showtime_id) values (?,?,?)
Hibernate: insert into show_seats (is_available,seat_id,showtime_id) values (?,?,?)
Hibernate: insert into show_seats (is_available,seat_id,showtime_id) values (?,?,?)
Hibernate: insert into show_seats (is_available,seat_id,showtime_id) values (?,?,?)
Hibernate: insert into show_seats (is_available,seat_id,showtime_id) values (?,?,?)
Hibernate: insert into show_seats (is_available,seat_id,showtime_id) values (?,?,?)
Hibernate: insert into show_seats (is_available,seat_id,showtime_id) values (?,?,?)
Hibernate: insert into show_seats (is_available,seat_id,showtime_id) values (?,?,?)
Hibernate: insert into show_seats (is_available,seat_id,showtime_id) values (?,?,?)
Hibernate: insert into show_seats (is_available,seat_id,showtime_id) values (?,?,?)
Hibernate: insert into show_seats (is_available,seat_id,showtime_id) values (?,?,?)
Hibernate: insert into show_seats (is_available,seat_id,showtime_id) values (?,?,?)
Hibernate: insert into show_seats (is_available,seat_id,showtime_id) values (?,?,?)
Hibernate: insert into show_seats (is_available,seat_id,showtime_id) values (?,?,?)
Hibernate: insert into show_seats (is_available,seat_id,showtime_id) values (?,?,?)
Hibernate: insert into show_seats (is_available,seat_id,showtime_id) values (?,?,?)
Hibernate: insert into show_seats (is_available,seat_id,showtime_id) values (?,?,?)
Hibernate: insert into show_seats (is_available,seat_id,showtime_id) values (?,?,?)
Hibernate: insert into show_seats (is_available,seat_id,showtime_id) values (?,?,?)
Hibernate: insert into show_seats (is_available,seat_id,showtime_id) values (?,?,?)
Hibernate: select count(*) from movies m1_0 where m1_0.id=?
Hibernate: select s1_0.id,s1_0.end_time,s1_0.movie_id,s1_0.price,s1_0.start_time,s1_0.theater from showtimes s1_0 where s1_0.theater=? and ((s1_0.start_time<=? and s1_0.end_time>=?) or (s1_0.start_time>=? and s1_0.start_time<?) or (s1_0.end_time>? and s1_0.end_time<=?))
Hibernate: select count(*) from movies m1_0 where m1_0.id=?
Hibernate: select s1_0.id,s1_0.end_time,s1_0.movie_id,s1_0.price,s1_0.start_time,s1_0.theater from showtimes s1_0 where s1_0.theater=? and ((s1_0.start_time<=? and s1_0.end_time>=?) or (s1_0.start_time>=? and s1_0.start_time<?) or (s1_0.end_time>? and s1_0.end_time<=?))
Hibernate: select t1_0.id,t1_0.name,t1_0.number_of_seats from theaters t1_0 where t1_0.name=?
Hibernate: select count(*) from movies m1_0 where m1_0.id=?
Hibernate: select s1_0.id,s1_0.end_time,s1_0.movie_id,s1_0.price,s1_0.start_time,s1_0.theater from showtimes s1_0 where s1_0.theater=? and ((s1_0.start_time<=? and s1_0.end_time>=?) or (s1_0.start_time>=? and s1_0.start_time<?) or (s1_0.end_time>? and s1_0.end_time<=?))
Hibernate: select t1_0.id,t1_0.name,t1_0.number_of_seats from theaters t1_0 where t1_0.name=?
Hibernate: insert into showtimes (end_time,movie_id,price,start_time,theater) values (?,?,?,?,?)
Hibernate: select s1_0.id,s1_0.number,s1_0.theater_id from seats s1_0 where s1_0.theater_id=?
Hibernate: insert into show_seats (is_available,seat_id,showtime_id) values (?,?,?)
Hibernate: insert into show_seats (is_available,seat_id,showtime_id) values (?,?,?)
Hibernate: insert into show_seats (is_available,seat_id,showtime_id) values (?,?,?)
Hibernate: insert into show_seats (is_available,seat_id,showtime_id) values (?,?,?)
Hibernate: insert into show_seats (is_available,seat_id,showtime_id) values (?,?,?)
Hibernate: insert into show_seats (is_available,seat_id,showtime_id) values (?,?,?)
Hibernate: insert into show_seats (is_available,seat_id,showtime_id) values (?,?,?)
Hibernate: insert into show_seats (is_available,seat_id,showtime_id) values (?,?,?)
Hibernate: insert into show_seats (is_available,seat_id,showtime_id) values (?,?,?)
Hibernate: insert into show_seats (is_available,seat_id,showtime_id) values (?,?,?)
Hibernate: insert into show_seats (is_available,seat_id,showtime_id) values (?,?,?)
Hibernate: insert into show_seats (is_available,seat_id,showtime_id) values (?,?,?)
Hibernate: insert into show_seats (is_available,seat_id,showtime_id) values (?,?,?)
Hibernate: insert into show_seats (is_available,seat_id,showtime_id) values (?,?,?)
Hibernate: insert into show_seats (is_available,seat_id,showtime_id) values (?,?,?)
Hibernate: insert into show_seats (is_available,seat_id,showtime_id) values (?,?,?)
Hibernate: insert into show_seats (is_available,seat_id,showtime_id) values (?,?,?)
Hibernate: insert into show_seats (is_available,seat_id,showtime_id) values (?,?,?)
Hibernate: insert into show_seats (is_available,seat_id,showtime_id) values (?,?,?)
Hibernate: insert into show_seats (is_available,seat_id,showtime_id) values (?,?,?)
Hibernate: insert into show_seats (is_available,seat_id,showtime_id) values (?,?,?)
Hibernate: insert into show_seats (is_available,seat_id,showtime_id) values (?,?,?)
Hibernate: insert into show_seats (is_available,seat_id,showtime_id) values (?,?,?)
Hibernate: insert into show_seats (is_available,seat_id,showtime_id) values (?,?,?)
Hibernate: insert into show_seats (is_available,seat_id,showtime_id) values (?,?,?)
Hibernate: insert into show_seats (is_available,seat_id,showtime_id) values (?,?,?)
Hibernate: insert into show_seats (is_available,seat_id,showtime_id) values (?,?,?)
Hibernate: insert into show_seats (is_available,seat_id,showtime_id) values (?,?,?)
Hibernate: insert into show_seats (is_available,seat_id,showtime_id) values (?,?,?)
Hibernate: insert into show_seats (is_available,seat_id,showtime_id) values (?,?,?)
Hibernate: insert into show_seats (is_available,seat_id,showtime_id) values (?,?,?)
Hibernate: insert into show_seats (is_available,seat_id,showtime_id) values (?,?,?)
Hibernate: insert into show_seats (is_available,seat_id,showtime_id) values (?,?,?)
Hibernate: insert into show_seats (is_available,seat_id,showtime_id) values (?,?,?)
Hibernate: insert into show_seats (is_available,seat_id,showtime_id) values (?,?,?)
Hibernate: insert into show_seats (is_available,seat_id,showtime_id) values (?,?,?)
Hibernate: insert into show_seats (is_available,seat_id,showtime_id) values (?,?,?)
Hibernate: insert into show_seats (is_available,seat_id,showtime_id) values (?,?,?)
Hibernate: insert into show_seats (is_available,seat_id,showtime_id) values (?,?,?)
Hibernate: insert into show_seats (is_available,seat_id,showtime_id) values (?,?,?)
Hibernate: insert into show_seats (is_available,seat_id,showtime_id) values (?,?,?)
Hibernate: insert into show_seats (is_available,seat_id,showtime_id) values (?,?,?)
Hibernate: insert into show_seats (is_available,seat_id,showtime_id) values (?,?,?)
Hibernate: insert into show_seats (is_available,seat_id,showtime_id) values (?,?,?)
Hibernate: insert into show_seats (is_available,seat_id,showtime_id) values (?,?,?)
Hibernate: insert into show_seats (is_available,seat_id,showtime_id) values (?,?,?)
Hibernate: insert into show_seats (is_available,seat_id,showtime_id) values (?,?,?)
Hibernate: insert into show_seats (is_available,seat_id,showtime_id) values (?,?,?)
Hibernate: insert into show_seats (is_available,seat_id,showtime_id) values (?,?,?)
Hibernate: insert into show_seats (is_available,seat_id,showtime_id) values (?,?,?)
Hibernate: insert into show_seats (is_available,seat_id,showtime_id) values (?,?,?)
Hibernate: insert into show_seats (is_available,seat_id,showtime_id) values (?,?,?)
Hibernate: insert into show_seats (is_available,seat_id,showtime_id) values (?,?,?)
Hibernate: insert into show_seats (is_available,seat_id,showtime_id) values (?,?,?)
Hibernate: insert into show_seats (is_available,seat_id,showtime_id) values (?,?,?)
Hibernate: insert into show_seats (is_available,seat_id,showtime_id) values (?,?,?)
Hibernate: insert into show_seats (is_available,seat_id,showtime_id) values (?,?,?)
Hibernate: insert into show_seats (is_available,seat_id,showtime_id) values (?,?,?)
Hibernate: insert into show_seats (is_available,seat_id,showtime_id) values (?,?,?)
Hibernate: insert into show_seats (is_available,seat_id,showtime_id) values (?,?,?)
Hibernate: insert into show_seats (is_available,seat_id,showtime_id) values (?,?,?)
Hibernate: insert into show_seats (is_available,seat_id,showtime_id) values (?,?,?)
Hibernate: insert into show_seats (is_available,seat_id,showtime_id) values (?,?,?)
Hibernate: insert into show_seats (is_available,seat_id,showtime_id) values (?,?,?)
Hibernate: insert into show_seats (is_available,seat_id,showtime_id) values (?,?,?)
Hibernate: insert into show_seats (is_available,seat_id,showtime_id) values (?,?,?)
Hibernate: insert into show_seats (is_available,seat_id,showtime_id) values (?,?,?)
Hibernate: insert into show_seats (is_available,seat_id,showtime_id) values (?,?,?)
Hibernate: insert into show_seats (is_available,seat_id,showtime_id) values (?,?,?)
Hibernate: insert into show_seats (is_available,seat_id,showtime_id) values (?,?,?)
Hibernate: insert into show_seats (is_available,seat_id,showtime_id) values (?,?,?)
Hibernate: insert into show_seats (is_available,seat_id,showtime_id) values (?,?,?)
Hibernate: insert into show_seats (is_available,seat_id,showtime_id) values (?,?,?)
Hibernate: insert into show_seats (is_available,seat_id,showtime_id) values (?,?,?)
Hibernate: insert into show_seats (is_available,seat_id,showtime_id) values (?,?,?)
Hibernate: insert into show_seats (is_available,seat_id,showtime_id) values (?,?,?)
Hibernate: insert into show_seats (is_available,seat_id,showtime_id) values (?,?,?)
Hibernate: insert into show_seats (is_available,seat_id,showtime_id) values (?,?,?)
Hibernate: insert into show_seats (is_available,seat_id,showtime_id) values (?,?,?)
Hibernate: insert into show_seats (is_available,seat_id,showtime_id) values (?,?,?)
Hibernate: insert into show_seats (is_available,seat_id,showtime_id) values (?,?,?)
Hibernate: insert into show_seats (is_available,seat_id,showtime_id) values (?,?,?)
Hibernate: insert into show_seats (is_available,seat_id,showtime_id) values (?,?,?)
Hibernate: insert into show_seats (is_available,seat_id,showtime_id) values (?,?,?)
Hibernate: insert into show_seats (is_available,seat_id,showtime_id) values (?,?,?)
Hibernate: insert into show_seats (is_available,seat_id,showtime_id) values (?,?,?)
Hibernate: insert into show_seats (is_available,seat_id,showtime_id) values (?,?,?)
Hibernate: insert into show_seats (is_available,seat_id,showtime_id) values (?,?,?)
Hibernate: insert into show_seats (is_available,seat_id,showtime_id) values (?,?,?)
Hibernate: insert into show_seats (is_available,seat_id,showtime_id) values (?,?,?)
Hibernate: insert into show_seats (is_available,seat_id,showtime_id) values (?,?,?)
Hibernate: insert into show_seats (is_available,seat_id,showtime_id) values (?,?,?)
Hibernate: insert into show_seats (is_available,seat_id,showtime_id) values (?,?,?)
Hibernate: insert into show_seats (is_available,seat_id,showtime_id) values (?,?,?)
Hibernate: insert into show_seats (is_available,seat_id,showtime_id) values (?,?,?)
Hibernate: insert into show_seats (is_available,seat_id,showtime_id) values (?,?,?)
Hibernate: insert into show_seats (is_available,seat_id,showtime_id) values (?,?,?)
Hibernate: insert into show_seats (is_available,seat_id,showtime_id) values (?,?,?)
Hibernate: insert into show_seats (is_available,seat_id,showtime_id) values (?,?,?)
Hibernate: insert into show_seats (is_available,seat_id,showtime_id) values (?,?,?)
Hibernate: select count(*) from theaters t1_0
Hibernate: select t1_0.id,t1_0.name,t1_0.number_of_seats from theaters t1_0 where t1_0.name=?
Hibernate: insert into theaters (name,number_of_seats) values (?,?)
Hibernate: insert into seats (number,theater_id) values (?,?)
Hibernate: insert into seats (number,theater_id) values (?,?)
Hibernate: insert into seats (number,theater_id) values (?,?)
Hibernate: insert into seats (number,theater_id) values (?,?)
Hibernate: insert into seats (number,theater_id) values (?,?)
Hibernate: insert into seats (number,theater_id) values (?,?)
Hibernate: insert into seats (number,theater_id) values (?,?)
Hibernate: insert into seats (number,theater_id) values (?,?)
Hibernate: insert into seats (number,theater_id) values (?,?)
Hibernate: insert into seats (number,theater_id) values (?,?)
Hibernate: insert into seats (number,theater_id) values (?,?)
Hibernate: insert into seats (number,theater_id) values (?,?)
Hibernate: insert into seats (number,theater_id) values (?,?)
Hibernate: insert into seats (number,theater_id) values (?,?)
Hibernate: insert into seats (number,theater_id) values (?,?)
Hibernate: insert into seats (number,theater_id) values (?,?)
Hibernate: insert into seats (number,theater_id) values (?,?)
Hibernate: insert into seats (number,theater_id) values (?,?)
Hibernate: insert into seats (number,theater_id) values (?,?)
Hibernate: insert into seats (number,theater_id) values (?,?)
Hibernate: insert into seats (number,theater_id) values (?,?)
Hibernate: insert into seats (number,theater_id) values (?,?)
Hibernate: insert into seats (number,theater_id) values (?,?)
Hibernate: insert into seats (number,theater_id) values (?,?)
Hibernate: insert into seats (number,theater_id) values (?,?)
Hibernate: insert into seats (number,theater_id) values (?,?)
Hibernate: insert into seats (number,theater_id) values (?,?)
Hibernate: insert into seats (number,theater_id) values (?,?)
Hibernate: insert into seats (number,theater_id) values (?,?)
Hibernate: insert into seats (number,theater_id) values (?,?)
Hibernate: insert into seats (number,theater_id) values (?,?)
Hibernate: insert into seats (number,theater_id) values (?,?)
Hibernate: insert into seats (number,theater_id) values (?,?)
Hibernate: insert into seats (number,theater_id) values (?,?)
Hibernate: insert into seats (number,theater_id) values (?,?)
Hibernate: insert into seats (number,theater_id) values (?,?)
Hibernate: insert into seats (number,theater_id) values (?,?)
Hibernate: insert into seats (number,theater_id) values (?,?)
Hibernate: insert into seats (number,theater_id) values (?,?)
Hibernate: insert into seats (number,theater_id) values (?,?)
Hibernate: insert into seats (number,theater_id) values (?,?)
Hibernate: insert into seats (number,theater_id) values (?,?)
Hibernate: insert into seats (number,theater_id) values (?,?)
Hibernate: insert into seats (number,theater_id) values (?,?)
Hibernate: insert into seats (number,theater_id) values (?,?)
Hibernate: insert into seats (number,theater_id) values (?,?)
Hibernate: insert into seats (number,theater_id) values (?,?)
Hibernate: insert into seats (number,theater_id) values (?,?)
Hibernate: insert into seats (number,theater_id) values (?,?)
Hibernate: insert into seats (number,theater_id) values (?,?)
Hibernate: insert into seats (number,theater_id) values (?,?)
Hibernate: insert into seats (number,theater_id) values (?,?)
Hibernate: insert into seats (number,theater_id) values (?,?)
Hibernate: insert into seats (number,theater_id) values (?,?)
Hibernate: insert into seats (number,theater_id) values (?,?)
Hibernate: insert into seats (number,theater_id) values (?,?)
Hibernate: insert into seats (number,theater_id) values (?,?)
Hibernate: insert into seats (number,theater_id) values (?,?)
Hibernate: insert into seats (number,theater_id) values (?,?)
Hibernate: insert into seats (number,theater_id) values (?,?)
Hibernate: insert into seats (number,theater_id) values (?,?)
Hibernate: insert into seats (number,theater_id) values (?,?)
Hibernate: insert into seats (number,theater_id) values (?,?)
Hibernate: insert into seats (number,theater_id) values (?,?)
Hibernate: insert into seats (number,theater_id) values (?,?)
Hibernate: insert into seats (number,theater_id) values (?,?)
Hibernate: insert into seats (number,theater_id) values (?,?)
Hibernate: insert into seats (number,theater_id) values (?,?)
Hibernate: insert into seats (number,theater_id) values (?,?)
Hibernate: insert into seats (number,theater_id) values (?,?)
Hibernate: insert into seats (number,theater_id) values (?,?)
Hibernate: insert into seats (number,theater_id) values (?,?)
Hibernate: insert into seats (number,theater_id) values (?,?)
Hibernate: insert into seats (number,theater_id) values (?,?)
Hibernate: insert into seats (number,theater_id) values (?,?)
Hibernate: insert into seats (number,theater_id) values (?,?)
Hibernate: insert into seats (number,theater_id) values (?,?)
Hibernate: insert into seats (number,theater_id) values (?,?)
Hibernate: insert into seats (number,theater_id) values (?,?)
Hibernate: insert into seats (number,theater_id) values (?,?)
Hibernate: insert into seats (number,theater_id) values (?,?)
Hibernate: insert into seats (number,theater_id) values (?,?)
Hibernate: insert into seats (number,theater_id) values (?,?)
Hibernate: insert into seats (number,theater_id) values (?,?)
Hibernate: insert into seats (number,theater_id) values (?,?)
Hibernate: insert into seats (number,theater_id) values (?,?)
Hibernate: insert into seats (number,theater_id) values (?,?)
Hibernate: insert into seats (number,theater_id) values (?,?)
Hibernate: insert into seats (number,theater_id) values (?,?)
Hibernate: insert into seats (number,theater_id) values (?,?)
Hibernate: insert into seats (number,theater_id) values (?,?)
Hibernate: insert into seats (number,theater_id) values (?,?)
Hibernate: insert into seats (number,theater_id) values (?,?)
Hibernate: insert into seats (number,theater_id) values (?,?)
Hibernate: insert into seats (number,theater_id) values (?,?)
Hibernate: insert into seats (number,theater_id) values (?,?)
Hibernate: insert into seats (number,theater_id) values (?,?)
Hibernate: insert into seats (number,theater_id) values (?,?)
Hibernate: insert into seats (number,theater_id) values (?,?)
Hibernate: insert into seats (number,theater_id) values (?,?)
Hibernate: insert into seats (number,theater_id) values (?,?)
Hibernate: insert into seats (number,theater_id) values (?,?)
Hibernate: insert into seats (number,theater_id) values (?,?)
Hibernate: insert into seats (number,theater_id) values (?,?)
Hibernate: insert into seats (number,theater_id) values (?,?)
Hibernate: insert into seats (number,theater_id) values (?,?)
Hibernate: insert into seats (number,theater_id) values (?,?)
Hibernate: insert into seats (number,theater_id) values (?,?)
Hibernate: insert into seats (number,theater_id) values (?,?)
Hibernate: insert into seats (number,theater_id) values (?,?)
Hibernate: insert into seats (number,theater_id) values (?,?)
Hibernate: insert into seats (number,theater_id) values (?,?)
Hibernate: insert into seats (number,theater_id) values (?,?)
Hibernate: insert into seats (number,theater_id) values (?,?)
Hibernate: insert into seats (number,theater_id) values (?,?)
Hibernate: insert into seats (number,theater_id) values (?,?)
Hibernate: insert into seats (number,theater_id) values (?,?)
Hibernate: insert into seats (number,theater_id) values (?,?)
Hibernate: insert into seats (number,theater_id) values (?,?)
Hibernate: insert into seats (number,theater_id) values (?,?)
Hibernate: insert into seats (number,theater_id) values (?,?)
Hibernate: insert into seats (number,theater_id) values (?,?)
Hibernate: insert into seats (number,theater_id) values (?,?)
Hibernate: insert into seats (number,theater_id) values (?,?)
Hibernate: insert into seats (number,theater_id) values (?,?)
Hibernate: insert into seats (number,theater_id) values (?,?)
Hibernate: insert into seats (number,theater_id) values (?,?)
Hibernate: insert into seats (number,theater_id) values (?,?)
Hibernate: insert into seats (number,theater_id) values (?,?)
Hibernate: insert into seats (number,theater_id) values (?,?)
Hibernate: insert into seats (number,theater_id) values (?,?)
Hibernate: insert into seats (number,theater_id) values (?,?)
Hibernate: insert into seats (number,theater_id) values (?,?)
Hibernate: insert into seats (number,theater_id) values (?,?)
Hibernate: insert into seats (number,theater_id) values (?,?)
Hibernate: insert into seats (number,theater_id) values (?,?)
Hibernate: insert into seats (number,theater_id) values (?,?)
Hibernate: insert into seats (number,theater_id) values (?,?)
Hibernate: insert into seats (number,theater_id) values (?,?)
Hibernate: insert into seats (number,theater_id) values (?,?)
Hibernate: insert into seats (number,theater_id) values (?,?)
Hibernate: insert into seats (number,theater_id) values (?,?)
Hibernate: insert into seats (number,theater_id) values (?,?)
Hibernate: insert into seats (number,theater_id) values (?,?)
Hibernate: insert into seats (number,theater_id) values (?,?)
Hibernate: insert into seats (number,theater_id) values (?,?)
Hibernate: insert into seats (number,theater_id) values (?,?)
Hibernate: insert into seats (number,theater_id) values (?,?)
Hibernate: insert into seats (number,theater_id) values (?,?)
Hibernate: insert into seats (number,theater_id) values (?,?)
Hibernate: select count(*) from movies m1_0 where m1_0.id=?
Hibernate: select s1_0.id,s1_0.end_time,s1_0.movie_id,s1_0.price,s1_0.start_time,s1_0.theater from showtimes s1_0 where s1_0.theater=? and ((s1_0.start_time<=? and s1_0.end_time>=?) or (s1_0.start_time>=? and s1_0.start_time<?) or (s1_0.end_time>? and s1_0.end_time<=?))
Hibernate: select t1_0.id,t1_0.name,t1_0.number_of_seats from theaters t1_0 where t1_0.name=?
Hibernate: insert into showtimes (end_time,movie_id,price,start_time,theater) values (?,?,?,?,?)
Hibernate: select s1_0.id,s1_0.number,s1_0.theater_id from seats s1_0 where s1_0.theater_id=?
Hibernate: insert into show_seats (is_available,seat_id,showtime_id) values (?,?,?)
Hibernate: insert into show_seats (is_available,seat_id,showtime_id) values (?,?,?)
Hibernate: insert into show_seats (is_available,seat_id,showtime_id) values (?,?,?)
Hibernate: insert into show_seats (is_available,seat_id,showtime_id) values (?,?,?)
Hibernate: insert into show_seats (is_available,seat_id,showtime_id) values (?,?,?)
Hibernate: insert into show_seats (is_available,seat_id,showtime_id) values (?,?,?)
Hibernate: insert into show_seats (is_available,seat_id,showtime_id) values (?,?,?)
Hibernate: insert into show_seats (is_available,seat_id,showtime_id) values (?,?,?)
Hibernate: insert into show_seats (is_available,seat_id,showtime_id) values (?,?,?)
Hibernate: insert into show_seats (is_available,seat_id,showtime_id) values (?,?,?)
Hibernate: insert into show_seats (is_available,seat_id,showtime_id) values (?,?,?)
Hibernate: insert into show_seats (is_available,seat_id,showtime_id) values (?,?,?)
Hibernate: insert into show_seats (is_available,seat_id,showtime_id) values (?,?,?)
Hibernate: insert into show_seats (is_available,seat_id,showtime_id) values (?,?,?)
Hibernate: insert into show_seats (is_available,seat_id,showtime_id) values (?,?,?)
Hibernate: insert into show_seats (is_available,seat_id,showtime_id) values (?,?,?)
Hibernate: insert into show_seats (is_available,seat_id,showtime_id) values (?,?,?)
Hibernate: insert into show_seats (is_available,seat_id,showtime_id) values (?,?,?)
Hibernate: insert into show_seats (is_available,seat_id,showtime_id) values (?,?,?)
Hibernate: insert into show_seats (is_available,seat_id,showtime_id) values (?,?,?)
Hibernate: insert into show_seats (is_available,seat_id,showtime_id) values (?,?,?)
Hibernate: insert into show_seats (is_available,seat_id,showtime_id) values (?,?,?)
Hibernate: insert into show_seats (is_available,seat_id,showtime_id) values (?,?,?)
Hibernate: insert into show_seats (is_available,seat_id,showtime_id) values (?,?,?)
Hibernate: insert into show_seats (is_available,seat_id,showtime_id) values (?,?,?)
Hibernate: insert into show_seats (is_available,seat_id,showtime_id) values (?,?,?)
Hibernate: insert into show_seats (is_available,seat_id,showtime_id) values (?,?,?)
Hibernate: insert into show_seats (is_available,seat_id,showtime_id) values (?,?,?)
Hibernate: insert into show_seats (is_available,seat_id,showtime_id) values (?,?,?)
Hibernate: insert into show_seats (is_available,seat_id,showtime_id) values (?,?,?)
Hibernate: insert into show_seats (is_available,seat_id,showtime_id) values (?,?,?)
Hibernate: insert into show_seats (is_available,seat_id,showtime_id) values (?,?,?)
Hibernate: insert into show_seats (is_available,seat_id,showtime_id) values (?,?,?)
Hibernate: insert into show_seats (is_available,seat_id,showtime_id) values (?,?,?)
Hibernate: insert into show_seats (is_available,seat_id,showtime_id) values (?,?,?)
Hibernate: insert into show_seats (is_available,seat_id,showtime_id) values (?,?,?)
Hibernate: insert into show_seats (is_available,seat_id,showtime_id) values (?,?,?)
Hibernate: insert into show_seats (is_available,seat_id,showtime_id) values (?,?,?)
Hibernate: insert into show_seats (is_available,seat_id,showtime_id) values (?,?,?)
Hibernate: insert into show_seats (is_available,seat_id,showtime_id) values (?,?,?)
Hibernate: insert into show_seats (is_available,seat_id,showtime_id) values (?,?,?)
Hibernate: insert into show_seats (is_available,seat_id,showtime_id) values (?,?,?)
Hibernate: insert into show_seats (is_available,seat_id,showtime_id) values (?,?,?)
Hibernate: insert into show_seats (is_available,seat_id,showtime_id) values (?,?,?)
Hibernate: insert into show_seats (is_available,seat_id,showtime_id) values (?,?,?)
Hibernate: insert into show_seats (is_available,seat_id,showtime_id) values (?,?,?)
Hibernate: insert into show_seats (is_available,seat_id,showtime_id) values (?,?,?)
Hibernate: insert into show_seats (is_available,seat_id,showtime_id) values (?,?,?)
Hibernate: insert into show_seats (is_available,seat_id,showtime_id) values (?,?,?)
Hibernate: insert into show_seats (is_available,seat_id,showtime_id) values (?,?,?)
Hibernate: insert into show_seats (is_available,seat_id,showtime_id) values (?,?,?)
Hibernate: insert into show_seats (is_available,seat_id,showtime_id) values (?,?,?)
Hibernate: insert into show_seats (is_available,seat_id,showtime_id) values (?,?,?)
Hibernate: insert into show_seats (is_available,seat_id,showtime_id) values (?,?,?)
Hibernate: insert into show_seats (is_available,seat_id,showtime_id) values (?,?,?)
Hibernate: insert into show_seats (is_available,seat_id,showtime_id) values (?,?,?)
Hibernate: insert into show_seats (is_available,seat_id,showtime_id) values (?,?,?)
Hibernate: insert into show_seats (is_available,seat_id,showtime_id) values (?,?,?)
Hibernate: insert into show_seats (is_available,seat_id,showtime_id) values (?,?,?)
Hibernate: insert into show_seats (is_available,seat_id,showtime_id) values (?,?,?)
Hibernate: insert into show_seats (is_available,seat_id,showtime_id) values (?,?,?)
Hibernate: insert into show_seats (is_available,seat_id,showtime_id) values (?,?,?)
Hibernate: insert into show_seats (is_available,seat_id,showtime_id) values (?,?,?)
Hibernate: insert into show_seats (is_available,seat_id,showtime_id) values (?,?,?)
Hibernate: insert into show_seats (is_available,seat_id,showtime_id) values (?,?,?)
Hibernate: insert into show_seats (is_available,seat_id,showtime_id) values (?,?,?)
Hibernate: insert into show_seats (is_available,seat_id,showtime_id) values (?,?,?)
Hibernate: insert into show_seats (is_available,seat_id,showtime_id) values (?,?,?)
Hibernate: insert into show_seats (is_available,seat_id,showtime_id) values (?,?,?)
Hibernate: insert into show_seats (is_available,seat_id,showtime_id) values (?,?,?)
Hibernate: insert into show_seats (is_available,seat_id,showtime_id) values (?,?,?)
Hibernate: insert into show_seats (is_available,seat_id,showtime_id) values (?,?,?)
Hibernate: insert into show_seats (is_available,seat_id,showtime_id) values (?,?,?)
Hibernate: insert into show_seats (is_available,seat_id,showtime_id) values (?,?,?)
Hibernate: insert into show_seats (is_available,seat_id,showtime_id) values (?,?,?)
Hibernate: insert into show_seats (is_available,seat_id,showtime_id) values (?,?,?)
Hibernate: insert into show_seats (is_available,seat_id,showtime_id) values (?,?,?)
Hibernate: insert into show_seats (is_available,seat_id,showtime_id) values (?,?,?)
Hibernate: insert into show_seats (is_available,seat_id,showtime_id) values (?,?,?)
Hibernate: insert into show_seats (is_available,seat_id,showtime_id) values (?,?,?)
Hibernate: insert into show_seats (is_available,seat_id,showtime_id) values (?,?,?)
Hibernate: insert into show_seats (is_available,seat_id,showtime_id) values (?,?,?)
Hibernate: insert into show_seats (is_available,seat_id,showtime_id) values (?,?,?)
Hibernate: insert into show_seats (is_available,seat_id,showtime_id) values (?,?,?)
Hibernate: insert into show_seats (is_available,seat_id,showtime_id) values (?,?,?)
Hibernate: insert into show_seats (is_available,seat_id,showtime_id) values (?,?,?)
Hibernate: insert into show_seats (is_available,seat_id,showtime_id) values (?,?,?)
Hibernate: insert into show_seats (is_available,seat_id,showtime_id) values (?,?,?)
Hibernate: insert into show_seats (is_available,seat_id,showtime_id) values (?,?,?)
Hibernate: insert into show_seats (is_available,seat_id,showtime_id) values (?,?,?)
Hibernate: insert into show_seats (is_available,seat_id,showtime_id) values (?,?,?)
Hibernate: insert into show_seats (is_available,seat_id,showtime_id) values (?,?,?)
Hibernate: insert into show_seats (is_available,seat_id,showtime_id) values (?,?,?)
Hibernate: insert into show_seats (is_available,seat_id,showtime_id) values (?,?,?)
Hibernate: insert into show_seats (is_available,seat_id,showtime_id) values (?,?,?)
Hibernate: insert into show_seats (is_available,seat_id,showtime_id) values (?,?,?)
Hibernate: insert into show_seats (is_available,seat_id,showtime_id) values (?,?,?)
Hibernate: insert into show_seats (is_available,seat_id,showtime_id) values (?,?,?)
Hibernate: insert into show_seats (is_available,seat_id,showtime_id) values (?,?,?)
Hibernate: insert into show_seats (is_available,seat_id,showtime_id) values (?,?,?)
Hibernate: insert into show_seats (is_available,seat_id,showtime_id) values (?,?,?)
Hibernate: insert into show_seats (is_available,seat_id,showtime_id) values (?,?,?)
Hibernate: insert into show_seats (is_available,seat_id,showtime_id) values (?,?,?)
Hibernate: insert into show_seats (is_available,seat_id,showtime_id) values (?,?,?)
Hibernate: insert into show_seats (is_available,seat_id,showtime_id) values (?,?,?)
Hibernate: insert into show_seats (is_available,seat_id,showtime_id) values (?,?,?)
Hibernate: insert into show_seats (is_available,seat_id,showtime_id) values (?,?,?)
Hibernate: insert into show_seats (is_available,seat_id,showtime_id) values (?,?,?)
Hibernate: insert into show_seats (is_available,seat_id,showtime_id) values (?,?,?)
Hibernate: insert into show_seats (is_available,seat_id,showtime_id) values (?,?,?)
Hibernate: insert into show_seats (is_available,seat_id,showtime_id) values (?,?,?)
Hibernate: insert into show_seats (is_available,seat_id,showtime_id) values (?,?,?)
Hibernate: insert into show_seats (is_available,seat_id,showtime_id) values (?,?,?)
Hibernate: insert into show_seats (is_available,seat_id,showtime_id) values (?,?,?)
Hibernate: insert into show_seats (is_available,seat_id,showtime_id) values (?,?,?)
Hibernate: insert into show_seats (is_available,seat_id,showtime_id) values (?,?,?)
Hibernate: insert into show_seats (is_available,seat_id,showtime_id) values (?,?,?)
Hibernate: insert into show_seats (is_available,seat_id,showtime_id) values (?,?,?)
Hibernate: insert into show_seats (is_available,seat_id,showtime_id) values (?,?,?)
Hibernate: insert into show_seats (is_available,seat_id,showtime_id) values (?,?,?)
Hibernate: insert into show_seats (is_available,seat_id,showtime_id) values (?,?,?)
Hibernate: insert into show_seats (is_available,seat_id,showtime_id) values (?,?,?)
Hibernate: insert into show_seats (is_available,seat_id,showtime_id) values (?,?,?)
Hibernate: insert into show_seats (is_available,seat_id,showtime_id) values (?,?,?)
Hibernate: insert into show_seats (is_available,seat_id,showtime_id) values (?,?,?)
Hibernate: insert into show_seats (is_available,seat_id,showtime_id) values (?,?,?)
Hibernate: insert into show_seats (is_available,seat_id,showtime_id) values (?,?,?)
Hibernate: insert into show_seats (is_available,seat_id,showtime_id) values (?,?,?)
Hibernate: insert into show_seats (is_available,seat_id,showtime_id) values (?,?,?)
Hibernate: insert into show_seats (is_available,seat_id,showtime_id) values (?,?,?)
Hibernate: insert into show_seats (is_available,seat_id,showtime_id) values (?,?,?)
Hibernate: insert into show_seats (is_available,seat_id,showtime_id) values (?,?,?)
Hibernate: insert into show_seats (is_available,seat_id,showtime_id) values (?,?,?)
Hibernate: insert into show_seats (is_available,seat_id,showtime_id) values (?,?,?)
Hibernate: insert into show_seats (is_available,seat_id,showtime_id) values (?,?,?)
Hibernate: insert into show_seats (is_available,seat_id,showtime_id) values (?,?,?)
Hibernate: insert into show_seats (is_available,seat_id,showtime_id) values (?,?,?)
Hibernate: insert into show_seats (is_available,seat_id,showtime_id) values (?,?,?)
Hibernate: insert into show_seats (is_available,seat_id,showtime_id) values (?,?,?)
Hibernate: insert into show_seats (is_available,seat_id,showtime_id) values (?,?,?)
Hibernate: insert into show_seats (is_available,seat_id,showtime_id) values (?,?,?)
Hibernate: insert into show_seats (is_available,seat_id,showtime_id) values (?,?,?)
Hibernate: insert into show_seats (is_available,seat_id,showtime_id) values (?,?,?)
Hibernate: insert into show_seats (is_available,seat_id,showtime_id) values (?,?,?)
Hibernate: insert into show_seats (is_available,seat_id,showtime_id) values (?,?,?)
Hibernate: insert into show_seats (is_available,seat_id,showtime_id) values (?,?,?)
Hibernate: insert into show_seats (is_available,seat_id,showtime_id) values (?,?,?)
Hibernate: insert into show_seats (is_available,seat_id,showtime_id) values (?,?,?)
Hibernate: insert into show_seats (is_available,seat_id,showtime_id) values (?,?,?)
Hibernate: insert into show_seats (is_available,seat_id,showtime_id) values (?,?,?)
Hibernate: select count(*) from movies m1_0 where m1_0.id=?
Hibernate: select s1_0.id,s1_0.end_time,s1_0.movie_id,s1_0.price,s1_0.start_time,s1_0.theater from showtimes s1_0 where s1_0.theater=? and ((s1_0.start_time<=? and s1_0.end_time>=?) or (s1_0.start_time>=? and s1_0.start_time<?) or (s1_0.end_time>? and s1_0.end_time<=?))
Hibernate: select count(*) from movies m1_0 where m1_0.id=?
Hibernate: select s1_0.id,s1_0.end_time,s1_0.movie_id,s1_0.price,s1_0.start_time,s1_0.theater from showtimes s1_0 where s1_0.theater=? and ((s1_0.start_time<=? and s1_0.end_time>=?) or (s1_0.start_time>=? and s1_0.start_time<?) or (s1_0.end_time>? and s1_0.end_time<=?))
[INFO] Tests run: 1, Failures: 0, Errors: 0, Skipped: 0, Time elapsed: 2.332 s -- in com.att.tdp.popcorn_palace.integration.ShowtimeManagementIntegrationTest
[INFO] Running com.att.tdp.popcorn_palace.integration.ConcurrentBookingIntegrationTest
2025-03-24T17:05:17.872+02:00  INFO 113047 --- [popcorn-palace] [           main] t.c.s.AnnotationConfigContextLoaderUtils : Could not detect default configuration classes for test class [com.att.tdp.popcorn_palace.integration.ConcurrentBookingIntegrationTest]: ConcurrentBookingIntegrationTest does not declare any static, non-private, non-final, nested classes annotated with @Configuration.
2025-03-24T17:05:17.874+02:00  INFO 113047 --- [popcorn-palace] [           main] .b.t.c.SpringBootTestContextBootstrapper : Found @SpringBootConfiguration com.att.tdp.popcorn_palace.PopcornPalaceApplication for test class com.att.tdp.popcorn_palace.integration.ConcurrentBookingIntegrationTest
Hibernate: select b1_0.booking_id,b1_0.seat_number,b1_0.showtime_id,b1_0.user_id from bookings b1_0
Hibernate: select ss1_0.id,ss1_0.is_available,ss1_0.seat_id,ss1_0.showtime_id from show_seats ss1_0
Hibernate: select s1_0.id,s1_0.end_time,s1_0.movie_id,s1_0.price,s1_0.start_time,s1_0.theater from showtimes s1_0
Hibernate: select m1_0.id,m1_0.duration,m1_0.genre,m1_0.rating,m1_0.release_year,m1_0.title from movies m1_0
Hibernate: select t1_0.id,t1_0.name,t1_0.number_of_seats from theaters t1_0 where t1_0.name=?
Hibernate: select count(*) from theaters t1_0
Hibernate: select t1_0.id,t1_0.name,t1_0.number_of_seats from theaters t1_0 where t1_0.name=?
Hibernate: insert into theaters (name,number_of_seats) values (?,?)
Hibernate: insert into seats (number,theater_id) values (?,?)
Hibernate: insert into seats (number,theater_id) values (?,?)
Hibernate: insert into seats (number,theater_id) values (?,?)
Hibernate: insert into seats (number,theater_id) values (?,?)
Hibernate: insert into seats (number,theater_id) values (?,?)
Hibernate: insert into seats (number,theater_id) values (?,?)
Hibernate: insert into seats (number,theater_id) values (?,?)
Hibernate: insert into seats (number,theater_id) values (?,?)
Hibernate: insert into seats (number,theater_id) values (?,?)
Hibernate: insert into seats (number,theater_id) values (?,?)
Hibernate: insert into seats (number,theater_id) values (?,?)
Hibernate: insert into seats (number,theater_id) values (?,?)
Hibernate: insert into seats (number,theater_id) values (?,?)
Hibernate: insert into seats (number,theater_id) values (?,?)
Hibernate: insert into seats (number,theater_id) values (?,?)
Hibernate: insert into seats (number,theater_id) values (?,?)
Hibernate: insert into seats (number,theater_id) values (?,?)
Hibernate: insert into seats (number,theater_id) values (?,?)
Hibernate: insert into seats (number,theater_id) values (?,?)
Hibernate: insert into seats (number,theater_id) values (?,?)
Hibernate: insert into seats (number,theater_id) values (?,?)
Hibernate: insert into seats (number,theater_id) values (?,?)
Hibernate: insert into seats (number,theater_id) values (?,?)
Hibernate: insert into seats (number,theater_id) values (?,?)
Hibernate: insert into seats (number,theater_id) values (?,?)
Hibernate: insert into seats (number,theater_id) values (?,?)
Hibernate: insert into seats (number,theater_id) values (?,?)
Hibernate: insert into seats (number,theater_id) values (?,?)
Hibernate: insert into seats (number,theater_id) values (?,?)
Hibernate: insert into seats (number,theater_id) values (?,?)
Hibernate: insert into seats (number,theater_id) values (?,?)
Hibernate: insert into seats (number,theater_id) values (?,?)
Hibernate: insert into seats (number,theater_id) values (?,?)
Hibernate: insert into seats (number,theater_id) values (?,?)
Hibernate: insert into seats (number,theater_id) values (?,?)
Hibernate: insert into seats (number,theater_id) values (?,?)
Hibernate: insert into seats (number,theater_id) values (?,?)
Hibernate: insert into seats (number,theater_id) values (?,?)
Hibernate: insert into seats (number,theater_id) values (?,?)
Hibernate: insert into seats (number,theater_id) values (?,?)
Hibernate: insert into seats (number,theater_id) values (?,?)
Hibernate: insert into seats (number,theater_id) values (?,?)
Hibernate: insert into seats (number,theater_id) values (?,?)
Hibernate: insert into seats (number,theater_id) values (?,?)
Hibernate: insert into seats (number,theater_id) values (?,?)
Hibernate: insert into seats (number,theater_id) values (?,?)
Hibernate: insert into seats (number,theater_id) values (?,?)
Hibernate: insert into seats (number,theater_id) values (?,?)
Hibernate: insert into seats (number,theater_id) values (?,?)
Hibernate: insert into seats (number,theater_id) values (?,?)
Hibernate: insert into seats (number,theater_id) values (?,?)
Hibernate: insert into seats (number,theater_id) values (?,?)
Hibernate: insert into seats (number,theater_id) values (?,?)
Hibernate: insert into seats (number,theater_id) values (?,?)
Hibernate: insert into seats (number,theater_id) values (?,?)
Hibernate: insert into seats (number,theater_id) values (?,?)
Hibernate: insert into seats (number,theater_id) values (?,?)
Hibernate: insert into seats (number,theater_id) values (?,?)
Hibernate: insert into seats (number,theater_id) values (?,?)
Hibernate: insert into seats (number,theater_id) values (?,?)
Hibernate: insert into seats (number,theater_id) values (?,?)
Hibernate: insert into seats (number,theater_id) values (?,?)
Hibernate: insert into seats (number,theater_id) values (?,?)
Hibernate: insert into seats (number,theater_id) values (?,?)
Hibernate: insert into seats (number,theater_id) values (?,?)
Hibernate: insert into seats (number,theater_id) values (?,?)
Hibernate: insert into seats (number,theater_id) values (?,?)
Hibernate: insert into seats (number,theater_id) values (?,?)
Hibernate: insert into seats (number,theater_id) values (?,?)
Hibernate: insert into seats (number,theater_id) values (?,?)
Hibernate: insert into seats (number,theater_id) values (?,?)
Hibernate: insert into seats (number,theater_id) values (?,?)
Hibernate: insert into seats (number,theater_id) values (?,?)
Hibernate: insert into seats (number,theater_id) values (?,?)
Hibernate: insert into seats (number,theater_id) values (?,?)
Hibernate: insert into seats (number,theater_id) values (?,?)
Hibernate: insert into seats (number,theater_id) values (?,?)
Hibernate: insert into seats (number,theater_id) values (?,?)
Hibernate: insert into seats (number,theater_id) values (?,?)
Hibernate: insert into seats (number,theater_id) values (?,?)
Hibernate: insert into seats (number,theater_id) values (?,?)
Hibernate: insert into seats (number,theater_id) values (?,?)
Hibernate: insert into seats (number,theater_id) values (?,?)
Hibernate: insert into seats (number,theater_id) values (?,?)
Hibernate: insert into seats (number,theater_id) values (?,?)
Hibernate: insert into seats (number,theater_id) values (?,?)
Hibernate: insert into seats (number,theater_id) values (?,?)
Hibernate: insert into seats (number,theater_id) values (?,?)
Hibernate: insert into seats (number,theater_id) values (?,?)
Hibernate: insert into seats (number,theater_id) values (?,?)
Hibernate: insert into seats (number,theater_id) values (?,?)
Hibernate: insert into seats (number,theater_id) values (?,?)
Hibernate: insert into seats (number,theater_id) values (?,?)
Hibernate: insert into seats (number,theater_id) values (?,?)
Hibernate: insert into seats (number,theater_id) values (?,?)
Hibernate: insert into seats (number,theater_id) values (?,?)
Hibernate: insert into seats (number,theater_id) values (?,?)
Hibernate: insert into seats (number,theater_id) values (?,?)
Hibernate: insert into seats (number,theater_id) values (?,?)
Hibernate: insert into seats (number,theater_id) values (?,?)
Hibernate: select m1_0.id,m1_0.duration,m1_0.genre,m1_0.rating,m1_0.release_year,m1_0.title from movies m1_0 where m1_0.title=?
Hibernate: insert into movies (duration,genre,rating,release_year,title) values (?,?,?,?,?)
Hibernate: select count(*) from movies m1_0 where m1_0.id=?
Hibernate: select s1_0.id,s1_0.end_time,s1_0.movie_id,s1_0.price,s1_0.start_time,s1_0.theater from showtimes s1_0 where s1_0.theater=? and ((s1_0.start_time<=? and s1_0.end_time>=?) or (s1_0.start_time>=? and s1_0.start_time<?) or (s1_0.end_time>? and s1_0.end_time<=?))
Hibernate: select t1_0.id,t1_0.name,t1_0.number_of_seats from theaters t1_0 where t1_0.name=?
Hibernate: insert into showtimes (end_time,movie_id,price,start_time,theater) values (?,?,?,?,?)
Hibernate: select s1_0.id,s1_0.number,s1_0.theater_id from seats s1_0 where s1_0.theater_id=?
Hibernate: insert into show_seats (is_available,seat_id,showtime_id) values (?,?,?)
Hibernate: insert into show_seats (is_available,seat_id,showtime_id) values (?,?,?)
Hibernate: insert into show_seats (is_available,seat_id,showtime_id) values (?,?,?)
Hibernate: insert into show_seats (is_available,seat_id,showtime_id) values (?,?,?)
Hibernate: insert into show_seats (is_available,seat_id,showtime_id) values (?,?,?)
Hibernate: insert into show_seats (is_available,seat_id,showtime_id) values (?,?,?)
Hibernate: insert into show_seats (is_available,seat_id,showtime_id) values (?,?,?)
Hibernate: insert into show_seats (is_available,seat_id,showtime_id) values (?,?,?)
Hibernate: insert into show_seats (is_available,seat_id,showtime_id) values (?,?,?)
Hibernate: insert into show_seats (is_available,seat_id,showtime_id) values (?,?,?)
Hibernate: insert into show_seats (is_available,seat_id,showtime_id) values (?,?,?)
Hibernate: insert into show_seats (is_available,seat_id,showtime_id) values (?,?,?)
Hibernate: insert into show_seats (is_available,seat_id,showtime_id) values (?,?,?)
Hibernate: insert into show_seats (is_available,seat_id,showtime_id) values (?,?,?)
Hibernate: insert into show_seats (is_available,seat_id,showtime_id) values (?,?,?)
Hibernate: insert into show_seats (is_available,seat_id,showtime_id) values (?,?,?)
Hibernate: insert into show_seats (is_available,seat_id,showtime_id) values (?,?,?)
Hibernate: insert into show_seats (is_available,seat_id,showtime_id) values (?,?,?)
Hibernate: insert into show_seats (is_available,seat_id,showtime_id) values (?,?,?)
Hibernate: insert into show_seats (is_available,seat_id,showtime_id) values (?,?,?)
Hibernate: insert into show_seats (is_available,seat_id,showtime_id) values (?,?,?)
Hibernate: insert into show_seats (is_available,seat_id,showtime_id) values (?,?,?)
Hibernate: insert into show_seats (is_available,seat_id,showtime_id) values (?,?,?)
Hibernate: insert into show_seats (is_available,seat_id,showtime_id) values (?,?,?)
Hibernate: insert into show_seats (is_available,seat_id,showtime_id) values (?,?,?)
Hibernate: insert into show_seats (is_available,seat_id,showtime_id) values (?,?,?)
Hibernate: insert into show_seats (is_available,seat_id,showtime_id) values (?,?,?)
Hibernate: insert into show_seats (is_available,seat_id,showtime_id) values (?,?,?)
Hibernate: insert into show_seats (is_available,seat_id,showtime_id) values (?,?,?)
Hibernate: insert into show_seats (is_available,seat_id,showtime_id) values (?,?,?)
Hibernate: insert into show_seats (is_available,seat_id,showtime_id) values (?,?,?)
Hibernate: insert into show_seats (is_available,seat_id,showtime_id) values (?,?,?)
Hibernate: insert into show_seats (is_available,seat_id,showtime_id) values (?,?,?)
Hibernate: insert into show_seats (is_available,seat_id,showtime_id) values (?,?,?)
Hibernate: insert into show_seats (is_available,seat_id,showtime_id) values (?,?,?)
Hibernate: insert into show_seats (is_available,seat_id,showtime_id) values (?,?,?)
Hibernate: insert into show_seats (is_available,seat_id,showtime_id) values (?,?,?)
Hibernate: insert into show_seats (is_available,seat_id,showtime_id) values (?,?,?)
Hibernate: insert into show_seats (is_available,seat_id,showtime_id) values (?,?,?)
Hibernate: insert into show_seats (is_available,seat_id,showtime_id) values (?,?,?)
Hibernate: insert into show_seats (is_available,seat_id,showtime_id) values (?,?,?)
Hibernate: insert into show_seats (is_available,seat_id,showtime_id) values (?,?,?)
Hibernate: insert into show_seats (is_available,seat_id,showtime_id) values (?,?,?)
Hibernate: insert into show_seats (is_available,seat_id,showtime_id) values (?,?,?)
Hibernate: insert into show_seats (is_available,seat_id,showtime_id) values (?,?,?)
Hibernate: insert into show_seats (is_available,seat_id,showtime_id) values (?,?,?)
Hibernate: insert into show_seats (is_available,seat_id,showtime_id) values (?,?,?)
Hibernate: insert into show_seats (is_available,seat_id,showtime_id) values (?,?,?)
Hibernate: insert into show_seats (is_available,seat_id,showtime_id) values (?,?,?)
Hibernate: insert into show_seats (is_available,seat_id,showtime_id) values (?,?,?)
Hibernate: insert into show_seats (is_available,seat_id,showtime_id) values (?,?,?)
Hibernate: insert into show_seats (is_available,seat_id,showtime_id) values (?,?,?)
Hibernate: insert into show_seats (is_available,seat_id,showtime_id) values (?,?,?)
Hibernate: insert into show_seats (is_available,seat_id,showtime_id) values (?,?,?)
Hibernate: insert into show_seats (is_available,seat_id,showtime_id) values (?,?,?)
Hibernate: insert into show_seats (is_available,seat_id,showtime_id) values (?,?,?)
Hibernate: insert into show_seats (is_available,seat_id,showtime_id) values (?,?,?)
Hibernate: insert into show_seats (is_available,seat_id,showtime_id) values (?,?,?)
Hibernate: insert into show_seats (is_available,seat_id,showtime_id) values (?,?,?)
Hibernate: insert into show_seats (is_available,seat_id,showtime_id) values (?,?,?)
Hibernate: insert into show_seats (is_available,seat_id,showtime_id) values (?,?,?)
Hibernate: insert into show_seats (is_available,seat_id,showtime_id) values (?,?,?)
Hibernate: insert into show_seats (is_available,seat_id,showtime_id) values (?,?,?)
Hibernate: insert into show_seats (is_available,seat_id,showtime_id) values (?,?,?)
Hibernate: insert into show_seats (is_available,seat_id,showtime_id) values (?,?,?)
Hibernate: insert into show_seats (is_available,seat_id,showtime_id) values (?,?,?)
Hibernate: insert into show_seats (is_available,seat_id,showtime_id) values (?,?,?)
Hibernate: insert into show_seats (is_available,seat_id,showtime_id) values (?,?,?)
Hibernate: insert into show_seats (is_available,seat_id,showtime_id) values (?,?,?)
Hibernate: insert into show_seats (is_available,seat_id,showtime_id) values (?,?,?)
Hibernate: insert into show_seats (is_available,seat_id,showtime_id) values (?,?,?)
Hibernate: insert into show_seats (is_available,seat_id,showtime_id) values (?,?,?)
Hibernate: insert into show_seats (is_available,seat_id,showtime_id) values (?,?,?)
Hibernate: insert into show_seats (is_available,seat_id,showtime_id) values (?,?,?)
Hibernate: insert into show_seats (is_available,seat_id,showtime_id) values (?,?,?)
Hibernate: insert into show_seats (is_available,seat_id,showtime_id) values (?,?,?)
Hibernate: insert into show_seats (is_available,seat_id,showtime_id) values (?,?,?)
Hibernate: insert into show_seats (is_available,seat_id,showtime_id) values (?,?,?)
Hibernate: insert into show_seats (is_available,seat_id,showtime_id) values (?,?,?)
Hibernate: insert into show_seats (is_available,seat_id,showtime_id) values (?,?,?)
Hibernate: insert into show_seats (is_available,seat_id,showtime_id) values (?,?,?)
Hibernate: insert into show_seats (is_available,seat_id,showtime_id) values (?,?,?)
Hibernate: insert into show_seats (is_available,seat_id,showtime_id) values (?,?,?)
Hibernate: insert into show_seats (is_available,seat_id,showtime_id) values (?,?,?)
Hibernate: insert into show_seats (is_available,seat_id,showtime_id) values (?,?,?)
Hibernate: insert into show_seats (is_available,seat_id,showtime_id) values (?,?,?)
Hibernate: insert into show_seats (is_available,seat_id,showtime_id) values (?,?,?)
Hibernate: insert into show_seats (is_available,seat_id,showtime_id) values (?,?,?)
Hibernate: insert into show_seats (is_available,seat_id,showtime_id) values (?,?,?)
Hibernate: insert into show_seats (is_available,seat_id,showtime_id) values (?,?,?)
Hibernate: insert into show_seats (is_available,seat_id,showtime_id) values (?,?,?)
Hibernate: insert into show_seats (is_available,seat_id,showtime_id) values (?,?,?)
Hibernate: insert into show_seats (is_available,seat_id,showtime_id) values (?,?,?)
Hibernate: insert into show_seats (is_available,seat_id,showtime_id) values (?,?,?)
Hibernate: insert into show_seats (is_available,seat_id,showtime_id) values (?,?,?)
Hibernate: insert into show_seats (is_available,seat_id,showtime_id) values (?,?,?)
Hibernate: insert into show_seats (is_available,seat_id,showtime_id) values (?,?,?)
Hibernate: insert into show_seats (is_available,seat_id,showtime_id) values (?,?,?)
Hibernate: insert into show_seats (is_available,seat_id,showtime_id) values (?,?,?)
Hibernate: insert into show_seats (is_available,seat_id,showtime_id) values (?,?,?)
Hibernate: select s1_0.id,s1_0.end_time,s1_0.movie_id,s1_0.price,s1_0.start_time,s1_0.theater from showtimes s1_0 where s1_0.id=?
Hibernate: select s1_0.id,s1_0.end_time,s1_0.movie_id,s1_0.price,s1_0.start_time,s1_0.theater from showtimes s1_0 where s1_0.id=?
Hibernate: select t1_0.id,t1_0.name,t1_0.number_of_seats from theaters t1_0 where t1_0.name=?
Hibernate: select t1_0.id,t1_0.name,t1_0.number_of_seats from theaters t1_0 where t1_0.name=?
Hibernate: select s1_0.id,s1_0.number,s1_0.theater_id from seats s1_0 where s1_0.theater_id=? and s1_0.number=?
Hibernate: select s1_0.id,s1_0.number,s1_0.theater_id from seats s1_0 where s1_0.theater_id=? and s1_0.number=?
Hibernate: select b1_0.booking_id from bookings b1_0 where b1_0.showtime_id=? and b1_0.seat_number=? fetch first ? rows only
Hibernate: select b1_0.booking_id from bookings b1_0 where b1_0.showtime_id=? and b1_0.seat_number=? fetch first ? rows only
Hibernate: UPDATE show_seats SET id = id WHERE showtime_id = ? AND seat_id = ?
Hibernate: UPDATE show_seats SET id = id WHERE showtime_id = ? AND seat_id = ?
Hibernate: select ss1_0.id,ss1_0.is_available,ss1_0.seat_id,ss1_0.showtime_id from show_seats ss1_0 where ss1_0.showtime_id=? and ss1_0.seat_id=?
Hibernate: insert into bookings (seat_number,showtime_id,user_id,booking_id) values (?,?,?,?)
Hibernate: update show_seats set is_available=?,seat_id=?,showtime_id=? where id=?
2025-03-24T17:05:18.226+02:00  WARN 113047 --- [popcorn-palace] [BookingThread-1] o.h.engine.jdbc.spi.SqlExceptionHelper   : SQL Error: 40001, SQLState: 40001
2025-03-24T17:05:18.226+02:00 ERROR 113047 --- [popcorn-palace] [BookingThread-1] o.h.engine.jdbc.spi.SqlExceptionHelper   : Deadlock detected. The current transaction was rolled back. Details: "SHOW_SEATS"; SQL statement:
UPDATE show_seats SET id = id WHERE showtime_id = ? AND seat_id = ? [40001-232]
Hibernate: UPDATE show_seats SET id = id WHERE showtime_id = ? AND seat_id = ?
Hibernate: select ss1_0.id,ss1_0.is_available,ss1_0.seat_id,ss1_0.showtime_id from show_seats ss1_0 where ss1_0.showtime_id=? and ss1_0.seat_id=?
Hibernate: select b1_0.booking_id from bookings b1_0 where b1_0.showtime_id=? and b1_0.seat_number=? fetch first ? rows only
Hibernate: select b1_0.booking_id,b1_0.seat_number,b1_0.showtime_id,b1_0.user_id from bookings b1_0
Hibernate: select b1_0.booking_id,b1_0.seat_number,b1_0.showtime_id,b1_0.user_id from bookings b1_0
[INFO] Tests run: 1, Failures: 0, Errors: 0, Skipped: 0, Time elapsed: 0.525 s -- in com.att.tdp.popcorn_palace.integration.ConcurrentBookingIntegrationTest
[INFO] Running com.att.tdp.popcorn_palace.integration.BookingWorkflowIntegrationTest
2025-03-24T17:05:18.399+02:00  INFO 113047 --- [popcorn-palace] [           main] t.c.s.AnnotationConfigContextLoaderUtils : Could not detect default configuration classes for test class [com.att.tdp.popcorn_palace.integration.BookingWorkflowIntegrationTest]: BookingWorkflowIntegrationTest does not declare any static, non-private, non-final, nested classes annotated with @Configuration.
2025-03-24T17:05:18.401+02:00  INFO 113047 --- [popcorn-palace] [           main] .b.t.c.SpringBootTestContextBootstrapper : Found @SpringBootConfiguration com.att.tdp.popcorn_palace.PopcornPalaceApplication for test class com.att.tdp.popcorn_palace.integration.BookingWorkflowIntegrationTest
Hibernate: select b1_0.booking_id,b1_0.seat_number,b1_0.showtime_id,b1_0.user_id from bookings b1_0
Hibernate: select ss1_0.id,ss1_0.is_available,ss1_0.seat_id,ss1_0.showtime_id from show_seats ss1_0
Hibernate: select s1_0.id,s1_0.end_time,s1_0.movie_id,s1_0.price,s1_0.start_time,s1_0.theater from showtimes s1_0
Hibernate: select m1_0.id,m1_0.duration,m1_0.genre,m1_0.rating,m1_0.release_year,m1_0.title from movies m1_0
Hibernate: select t1_0.id,t1_0.name,t1_0.number_of_seats from theaters t1_0 where t1_0.name=?
Hibernate: select count(*) from theaters t1_0
Hibernate: select t1_0.id,t1_0.name,t1_0.number_of_seats from theaters t1_0 where t1_0.name=?
Hibernate: insert into theaters (name,number_of_seats) values (?,?)
Hibernate: insert into seats (number,theater_id) values (?,?)
Hibernate: insert into seats (number,theater_id) values (?,?)
Hibernate: insert into seats (number,theater_id) values (?,?)
Hibernate: insert into seats (number,theater_id) values (?,?)
Hibernate: insert into seats (number,theater_id) values (?,?)
Hibernate: insert into seats (number,theater_id) values (?,?)
Hibernate: insert into seats (number,theater_id) values (?,?)
Hibernate: insert into seats (number,theater_id) values (?,?)
Hibernate: insert into seats (number,theater_id) values (?,?)
Hibernate: insert into seats (number,theater_id) values (?,?)
Hibernate: insert into seats (number,theater_id) values (?,?)
Hibernate: insert into seats (number,theater_id) values (?,?)
Hibernate: insert into seats (number,theater_id) values (?,?)
Hibernate: insert into seats (number,theater_id) values (?,?)
Hibernate: insert into seats (number,theater_id) values (?,?)
Hibernate: insert into seats (number,theater_id) values (?,?)
Hibernate: insert into seats (number,theater_id) values (?,?)
Hibernate: insert into seats (number,theater_id) values (?,?)
Hibernate: insert into seats (number,theater_id) values (?,?)
Hibernate: insert into seats (number,theater_id) values (?,?)
Hibernate: insert into seats (number,theater_id) values (?,?)
Hibernate: insert into seats (number,theater_id) values (?,?)
Hibernate: insert into seats (number,theater_id) values (?,?)
Hibernate: insert into seats (number,theater_id) values (?,?)
Hibernate: insert into seats (number,theater_id) values (?,?)
Hibernate: insert into seats (number,theater_id) values (?,?)
Hibernate: insert into seats (number,theater_id) values (?,?)
Hibernate: insert into seats (number,theater_id) values (?,?)
Hibernate: insert into seats (number,theater_id) values (?,?)
Hibernate: insert into seats (number,theater_id) values (?,?)
Hibernate: insert into seats (number,theater_id) values (?,?)
Hibernate: insert into seats (number,theater_id) values (?,?)
Hibernate: insert into seats (number,theater_id) values (?,?)
Hibernate: insert into seats (number,theater_id) values (?,?)
Hibernate: insert into seats (number,theater_id) values (?,?)
Hibernate: insert into seats (number,theater_id) values (?,?)
Hibernate: insert into seats (number,theater_id) values (?,?)
Hibernate: insert into seats (number,theater_id) values (?,?)
Hibernate: insert into seats (number,theater_id) values (?,?)
Hibernate: insert into seats (number,theater_id) values (?,?)
Hibernate: insert into seats (number,theater_id) values (?,?)
Hibernate: insert into seats (number,theater_id) values (?,?)
Hibernate: insert into seats (number,theater_id) values (?,?)
Hibernate: insert into seats (number,theater_id) values (?,?)
Hibernate: insert into seats (number,theater_id) values (?,?)
Hibernate: insert into seats (number,theater_id) values (?,?)
Hibernate: insert into seats (number,theater_id) values (?,?)
Hibernate: insert into seats (number,theater_id) values (?,?)
Hibernate: insert into seats (number,theater_id) values (?,?)
Hibernate: insert into seats (number,theater_id) values (?,?)
Hibernate: insert into seats (number,theater_id) values (?,?)
Hibernate: insert into seats (number,theater_id) values (?,?)
Hibernate: insert into seats (number,theater_id) values (?,?)
Hibernate: insert into seats (number,theater_id) values (?,?)
Hibernate: insert into seats (number,theater_id) values (?,?)
Hibernate: insert into seats (number,theater_id) values (?,?)
Hibernate: insert into seats (number,theater_id) values (?,?)
Hibernate: insert into seats (number,theater_id) values (?,?)
Hibernate: insert into seats (number,theater_id) values (?,?)
Hibernate: insert into seats (number,theater_id) values (?,?)
Hibernate: insert into seats (number,theater_id) values (?,?)
Hibernate: insert into seats (number,theater_id) values (?,?)
Hibernate: insert into seats (number,theater_id) values (?,?)
Hibernate: insert into seats (number,theater_id) values (?,?)
Hibernate: insert into seats (number,theater_id) values (?,?)
Hibernate: insert into seats (number,theater_id) values (?,?)
Hibernate: insert into seats (number,theater_id) values (?,?)
Hibernate: insert into seats (number,theater_id) values (?,?)
Hibernate: insert into seats (number,theater_id) values (?,?)
Hibernate: insert into seats (number,theater_id) values (?,?)
Hibernate: insert into seats (number,theater_id) values (?,?)
Hibernate: insert into seats (number,theater_id) values (?,?)
Hibernate: insert into seats (number,theater_id) values (?,?)
Hibernate: insert into seats (number,theater_id) values (?,?)
Hibernate: insert into seats (number,theater_id) values (?,?)
Hibernate: insert into seats (number,theater_id) values (?,?)
Hibernate: insert into seats (number,theater_id) values (?,?)
Hibernate: insert into seats (number,theater_id) values (?,?)
Hibernate: insert into seats (number,theater_id) values (?,?)
Hibernate: insert into seats (number,theater_id) values (?,?)
Hibernate: insert into seats (number,theater_id) values (?,?)
Hibernate: insert into seats (number,theater_id) values (?,?)
Hibernate: insert into seats (number,theater_id) values (?,?)
Hibernate: insert into seats (number,theater_id) values (?,?)
Hibernate: insert into seats (number,theater_id) values (?,?)
Hibernate: insert into seats (number,theater_id) values (?,?)
Hibernate: insert into seats (number,theater_id) values (?,?)
Hibernate: insert into seats (number,theater_id) values (?,?)
Hibernate: insert into seats (number,theater_id) values (?,?)
Hibernate: insert into seats (number,theater_id) values (?,?)
Hibernate: insert into seats (number,theater_id) values (?,?)
Hibernate: insert into seats (number,theater_id) values (?,?)
Hibernate: insert into seats (number,theater_id) values (?,?)
Hibernate: insert into seats (number,theater_id) values (?,?)
Hibernate: insert into seats (number,theater_id) values (?,?)
Hibernate: insert into seats (number,theater_id) values (?,?)
Hibernate: insert into seats (number,theater_id) values (?,?)
Hibernate: insert into seats (number,theater_id) values (?,?)
Hibernate: insert into seats (number,theater_id) values (?,?)
Hibernate: insert into seats (number,theater_id) values (?,?)
Hibernate: delete from bookings where booking_id=?
Hibernate: delete from show_seats where id=?
Hibernate: delete from show_seats where id=?
Hibernate: delete from show_seats where id=?
Hibernate: delete from show_seats where id=?
Hibernate: delete from show_seats where id=?
Hibernate: delete from show_seats where id=?
Hibernate: delete from show_seats where id=?
Hibernate: delete from show_seats where id=?
Hibernate: delete from show_seats where id=?
Hibernate: delete from show_seats where id=?
Hibernate: delete from show_seats where id=?
Hibernate: delete from show_seats where id=?
Hibernate: delete from show_seats where id=?
Hibernate: delete from show_seats where id=?
Hibernate: delete from show_seats where id=?
Hibernate: delete from show_seats where id=?
Hibernate: delete from show_seats where id=?
Hibernate: delete from show_seats where id=?
Hibernate: delete from show_seats where id=?
Hibernate: delete from show_seats where id=?
Hibernate: delete from show_seats where id=?
Hibernate: delete from show_seats where id=?
Hibernate: delete from show_seats where id=?
Hibernate: delete from show_seats where id=?
Hibernate: delete from show_seats where id=?
Hibernate: delete from show_seats where id=?
Hibernate: delete from show_seats where id=?
Hibernate: delete from show_seats where id=?
Hibernate: delete from show_seats where id=?
Hibernate: delete from show_seats where id=?
Hibernate: delete from show_seats where id=?
Hibernate: delete from show_seats where id=?
Hibernate: delete from show_seats where id=?
Hibernate: delete from show_seats where id=?
Hibernate: delete from show_seats where id=?
Hibernate: delete from show_seats where id=?
Hibernate: delete from show_seats where id=?
Hibernate: delete from show_seats where id=?
Hibernate: delete from show_seats where id=?
Hibernate: delete from show_seats where id=?
Hibernate: delete from show_seats where id=?
Hibernate: delete from show_seats where id=?
Hibernate: delete from show_seats where id=?
Hibernate: delete from show_seats where id=?
Hibernate: delete from show_seats where id=?
Hibernate: delete from show_seats where id=?
Hibernate: delete from show_seats where id=?
Hibernate: delete from show_seats where id=?
Hibernate: delete from show_seats where id=?
Hibernate: delete from show_seats where id=?
Hibernate: delete from show_seats where id=?
Hibernate: delete from show_seats where id=?
Hibernate: delete from show_seats where id=?
Hibernate: delete from show_seats where id=?
Hibernate: delete from show_seats where id=?
Hibernate: delete from show_seats where id=?
Hibernate: delete from show_seats where id=?
Hibernate: delete from show_seats where id=?
Hibernate: delete from show_seats where id=?
Hibernate: delete from show_seats where id=?
Hibernate: delete from show_seats where id=?
Hibernate: delete from show_seats where id=?
Hibernate: delete from show_seats where id=?
Hibernate: delete from show_seats where id=?
Hibernate: delete from show_seats where id=?
Hibernate: delete from show_seats where id=?
Hibernate: delete from show_seats where id=?
Hibernate: delete from show_seats where id=?
Hibernate: delete from show_seats where id=?
Hibernate: delete from show_seats where id=?
Hibernate: delete from show_seats where id=?
Hibernate: delete from show_seats where id=?
Hibernate: delete from show_seats where id=?
Hibernate: delete from show_seats where id=?
Hibernate: delete from show_seats where id=?
Hibernate: delete from show_seats where id=?
Hibernate: delete from show_seats where id=?
Hibernate: delete from show_seats where id=?
Hibernate: delete from show_seats where id=?
Hibernate: delete from show_seats where id=?
Hibernate: delete from show_seats where id=?
Hibernate: delete from show_seats where id=?
Hibernate: delete from show_seats where id=?
Hibernate: delete from show_seats where id=?
Hibernate: delete from show_seats where id=?
Hibernate: delete from show_seats where id=?
Hibernate: delete from show_seats where id=?
Hibernate: delete from show_seats where id=?
Hibernate: delete from show_seats where id=?
Hibernate: delete from show_seats where id=?
Hibernate: delete from show_seats where id=?
Hibernate: delete from show_seats where id=?
Hibernate: delete from show_seats where id=?
Hibernate: delete from show_seats where id=?
Hibernate: delete from show_seats where id=?
Hibernate: delete from show_seats where id=?
Hibernate: delete from show_seats where id=?
Hibernate: delete from show_seats where id=?
Hibernate: delete from show_seats where id=?
Hibernate: delete from show_seats where id=?
Hibernate: delete from showtimes where id=?
Hibernate: delete from movies where id=?
Hibernate: select m1_0.id,m1_0.duration,m1_0.genre,m1_0.rating,m1_0.release_year,m1_0.title from movies m1_0 where m1_0.title=?
Hibernate: insert into movies (duration,genre,rating,release_year,title) values (?,?,?,?,?)
Hibernate: select count(*) from movies m1_0 where m1_0.id=?
Hibernate: select s1_0.id,s1_0.end_time,s1_0.movie_id,s1_0.price,s1_0.start_time,s1_0.theater from showtimes s1_0 where s1_0.theater=? and ((s1_0.start_time<=? and s1_0.end_time>=?) or (s1_0.start_time>=? and s1_0.start_time<?) or (s1_0.end_time>? and s1_0.end_time<=?))
Hibernate: select t1_0.id,t1_0.name,t1_0.number_of_seats from theaters t1_0 where t1_0.name=?
Hibernate: insert into showtimes (end_time,movie_id,price,start_time,theater) values (?,?,?,?,?)
Hibernate: select s1_0.id,s1_0.number,s1_0.theater_id from seats s1_0 where s1_0.theater_id=?
Hibernate: insert into show_seats (is_available,seat_id,showtime_id) values (?,?,?)
Hibernate: insert into show_seats (is_available,seat_id,showtime_id) values (?,?,?)
Hibernate: insert into show_seats (is_available,seat_id,showtime_id) values (?,?,?)
Hibernate: insert into show_seats (is_available,seat_id,showtime_id) values (?,?,?)
Hibernate: insert into show_seats (is_available,seat_id,showtime_id) values (?,?,?)
Hibernate: insert into show_seats (is_available,seat_id,showtime_id) values (?,?,?)
Hibernate: insert into show_seats (is_available,seat_id,showtime_id) values (?,?,?)
Hibernate: insert into show_seats (is_available,seat_id,showtime_id) values (?,?,?)
Hibernate: insert into show_seats (is_available,seat_id,showtime_id) values (?,?,?)
Hibernate: insert into show_seats (is_available,seat_id,showtime_id) values (?,?,?)
Hibernate: insert into show_seats (is_available,seat_id,showtime_id) values (?,?,?)
Hibernate: insert into show_seats (is_available,seat_id,showtime_id) values (?,?,?)
Hibernate: insert into show_seats (is_available,seat_id,showtime_id) values (?,?,?)
Hibernate: insert into show_seats (is_available,seat_id,showtime_id) values (?,?,?)
Hibernate: insert into show_seats (is_available,seat_id,showtime_id) values (?,?,?)
Hibernate: insert into show_seats (is_available,seat_id,showtime_id) values (?,?,?)
Hibernate: insert into show_seats (is_available,seat_id,showtime_id) values (?,?,?)
Hibernate: insert into show_seats (is_available,seat_id,showtime_id) values (?,?,?)
Hibernate: insert into show_seats (is_available,seat_id,showtime_id) values (?,?,?)
Hibernate: insert into show_seats (is_available,seat_id,showtime_id) values (?,?,?)
Hibernate: insert into show_seats (is_available,seat_id,showtime_id) values (?,?,?)
Hibernate: insert into show_seats (is_available,seat_id,showtime_id) values (?,?,?)
Hibernate: insert into show_seats (is_available,seat_id,showtime_id) values (?,?,?)
Hibernate: insert into show_seats (is_available,seat_id,showtime_id) values (?,?,?)
Hibernate: insert into show_seats (is_available,seat_id,showtime_id) values (?,?,?)
Hibernate: insert into show_seats (is_available,seat_id,showtime_id) values (?,?,?)
Hibernate: insert into show_seats (is_available,seat_id,showtime_id) values (?,?,?)
Hibernate: insert into show_seats (is_available,seat_id,showtime_id) values (?,?,?)
Hibernate: insert into show_seats (is_available,seat_id,showtime_id) values (?,?,?)
Hibernate: insert into show_seats (is_available,seat_id,showtime_id) values (?,?,?)
Hibernate: insert into show_seats (is_available,seat_id,showtime_id) values (?,?,?)
Hibernate: insert into show_seats (is_available,seat_id,showtime_id) values (?,?,?)
Hibernate: insert into show_seats (is_available,seat_id,showtime_id) values (?,?,?)
Hibernate: insert into show_seats (is_available,seat_id,showtime_id) values (?,?,?)
Hibernate: insert into show_seats (is_available,seat_id,showtime_id) values (?,?,?)
Hibernate: insert into show_seats (is_available,seat_id,showtime_id) values (?,?,?)
Hibernate: insert into show_seats (is_available,seat_id,showtime_id) values (?,?,?)
Hibernate: insert into show_seats (is_available,seat_id,showtime_id) values (?,?,?)
Hibernate: insert into show_seats (is_available,seat_id,showtime_id) values (?,?,?)
Hibernate: insert into show_seats (is_available,seat_id,showtime_id) values (?,?,?)
Hibernate: insert into show_seats (is_available,seat_id,showtime_id) values (?,?,?)
Hibernate: insert into show_seats (is_available,seat_id,showtime_id) values (?,?,?)
Hibernate: insert into show_seats (is_available,seat_id,showtime_id) values (?,?,?)
Hibernate: insert into show_seats (is_available,seat_id,showtime_id) values (?,?,?)
Hibernate: insert into show_seats (is_available,seat_id,showtime_id) values (?,?,?)
Hibernate: insert into show_seats (is_available,seat_id,showtime_id) values (?,?,?)
Hibernate: insert into show_seats (is_available,seat_id,showtime_id) values (?,?,?)
Hibernate: insert into show_seats (is_available,seat_id,showtime_id) values (?,?,?)
Hibernate: insert into show_seats (is_available,seat_id,showtime_id) values (?,?,?)
Hibernate: insert into show_seats (is_available,seat_id,showtime_id) values (?,?,?)
Hibernate: insert into show_seats (is_available,seat_id,showtime_id) values (?,?,?)
Hibernate: insert into show_seats (is_available,seat_id,showtime_id) values (?,?,?)
Hibernate: insert into show_seats (is_available,seat_id,showtime_id) values (?,?,?)
Hibernate: insert into show_seats (is_available,seat_id,showtime_id) values (?,?,?)
Hibernate: insert into show_seats (is_available,seat_id,showtime_id) values (?,?,?)
Hibernate: insert into show_seats (is_available,seat_id,showtime_id) values (?,?,?)
Hibernate: insert into show_seats (is_available,seat_id,showtime_id) values (?,?,?)
Hibernate: insert into show_seats (is_available,seat_id,showtime_id) values (?,?,?)
Hibernate: insert into show_seats (is_available,seat_id,showtime_id) values (?,?,?)
Hibernate: insert into show_seats (is_available,seat_id,showtime_id) values (?,?,?)
Hibernate: insert into show_seats (is_available,seat_id,showtime_id) values (?,?,?)
Hibernate: insert into show_seats (is_available,seat_id,showtime_id) values (?,?,?)
Hibernate: insert into show_seats (is_available,seat_id,showtime_id) values (?,?,?)
Hibernate: insert into show_seats (is_available,seat_id,showtime_id) values (?,?,?)
Hibernate: insert into show_seats (is_available,seat_id,showtime_id) values (?,?,?)
Hibernate: insert into show_seats (is_available,seat_id,showtime_id) values (?,?,?)
Hibernate: insert into show_seats (is_available,seat_id,showtime_id) values (?,?,?)
Hibernate: insert into show_seats (is_available,seat_id,showtime_id) values (?,?,?)
Hibernate: insert into show_seats (is_available,seat_id,showtime_id) values (?,?,?)
Hibernate: insert into show_seats (is_available,seat_id,showtime_id) values (?,?,?)
Hibernate: insert into show_seats (is_available,seat_id,showtime_id) values (?,?,?)
Hibernate: insert into show_seats (is_available,seat_id,showtime_id) values (?,?,?)
Hibernate: insert into show_seats (is_available,seat_id,showtime_id) values (?,?,?)
Hibernate: insert into show_seats (is_available,seat_id,showtime_id) values (?,?,?)
Hibernate: insert into show_seats (is_available,seat_id,showtime_id) values (?,?,?)
Hibernate: insert into show_seats (is_available,seat_id,showtime_id) values (?,?,?)
Hibernate: insert into show_seats (is_available,seat_id,showtime_id) values (?,?,?)
Hibernate: insert into show_seats (is_available,seat_id,showtime_id) values (?,?,?)
Hibernate: insert into show_seats (is_available,seat_id,showtime_id) values (?,?,?)
Hibernate: insert into show_seats (is_available,seat_id,showtime_id) values (?,?,?)
Hibernate: insert into show_seats (is_available,seat_id,showtime_id) values (?,?,?)
Hibernate: insert into show_seats (is_available,seat_id,showtime_id) values (?,?,?)
Hibernate: insert into show_seats (is_available,seat_id,showtime_id) values (?,?,?)
Hibernate: insert into show_seats (is_available,seat_id,showtime_id) values (?,?,?)
Hibernate: insert into show_seats (is_available,seat_id,showtime_id) values (?,?,?)
Hibernate: insert into show_seats (is_available,seat_id,showtime_id) values (?,?,?)
Hibernate: insert into show_seats (is_available,seat_id,showtime_id) values (?,?,?)
Hibernate: insert into show_seats (is_available,seat_id,showtime_id) values (?,?,?)
Hibernate: insert into show_seats (is_available,seat_id,showtime_id) values (?,?,?)
Hibernate: insert into show_seats (is_available,seat_id,showtime_id) values (?,?,?)
Hibernate: insert into show_seats (is_available,seat_id,showtime_id) values (?,?,?)
Hibernate: insert into show_seats (is_available,seat_id,showtime_id) values (?,?,?)
Hibernate: insert into show_seats (is_available,seat_id,showtime_id) values (?,?,?)
Hibernate: insert into show_seats (is_available,seat_id,showtime_id) values (?,?,?)
Hibernate: insert into show_seats (is_available,seat_id,showtime_id) values (?,?,?)
Hibernate: insert into show_seats (is_available,seat_id,showtime_id) values (?,?,?)
Hibernate: insert into show_seats (is_available,seat_id,showtime_id) values (?,?,?)
Hibernate: insert into show_seats (is_available,seat_id,showtime_id) values (?,?,?)
Hibernate: insert into show_seats (is_available,seat_id,showtime_id) values (?,?,?)
Hibernate: insert into show_seats (is_available,seat_id,showtime_id) values (?,?,?)
Hibernate: select t1_0.id,t1_0.name,t1_0.number_of_seats from theaters t1_0 where t1_0.name=?
Hibernate: select s1_0.id,s1_0.number,s1_0.theater_id from seats s1_0 where s1_0.theater_id=? and s1_0.number=?
Hibernate: select b1_0.booking_id from bookings b1_0 where b1_0.showtime_id=? and b1_0.seat_number=? fetch first ? rows only
Hibernate: UPDATE show_seats SET id = id WHERE showtime_id = ? AND seat_id = ?
Hibernate: select ss1_0.id,ss1_0.is_available,ss1_0.seat_id,ss1_0.showtime_id from show_seats ss1_0 where ss1_0.showtime_id=? and ss1_0.seat_id=?
Hibernate: select t1_0.id,t1_0.name,t1_0.number_of_seats from theaters t1_0 where t1_0.name=?
Hibernate: select s1_0.id,s1_0.number,s1_0.theater_id from seats s1_0 where s1_0.theater_id=? and s1_0.number=?
Hibernate: insert into bookings (seat_number,showtime_id,user_id,booking_id) values (?,?,?,?)
Hibernate: update show_seats set is_available=?,seat_id=?,showtime_id=? where id=?
Hibernate: select b1_0.booking_id from bookings b1_0 where b1_0.showtime_id=? and b1_0.seat_number=? fetch first ? rows only
Hibernate: select t1_0.id,t1_0.name,t1_0.number_of_seats from theaters t1_0 where t1_0.name=?
Hibernate: select s1_0.id,s1_0.number,s1_0.theater_id from seats s1_0 where s1_0.theater_id=? and s1_0.number=?
Hibernate: select b1_0.booking_id from bookings b1_0 where b1_0.showtime_id=? and b1_0.seat_number=? fetch first ? rows only
Hibernate: UPDATE show_seats SET id = id WHERE showtime_id = ? AND seat_id = ?
Hibernate: select ss1_0.id,ss1_0.is_available,ss1_0.seat_id,ss1_0.showtime_id from show_seats ss1_0 where ss1_0.showtime_id=? and ss1_0.seat_id=?
[INFO] Tests run: 1, Failures: 0, Errors: 0, Skipped: 0, Time elapsed: 0.263 s -- in com.att.tdp.popcorn_palace.integration.BookingWorkflowIntegrationTest
[INFO] 
[INFO] Results:
[INFO] 
[ERROR] Failures: 
[ERROR]   TheaterControllerTest.testGetAllTheaters:51 Status expected:<200> but was:<405>
[INFO] 
[ERROR] Tests run: 182, Failures: 1, Errors: 0, Skipped: 0
[INFO] 
[INFO] ------------------------------------------------------------------------
[INFO] BUILD FAILURE
[INFO] ------------------------------------------------------------------------
[INFO] Total time:  39.196 s
[INFO] Finished at: 2025-03-24T17:05:18+02:00
[INFO] ------------------------------------------------------------------------
[ERROR] Failed to execute goal org.apache.maven.plugins:maven-surefire-plugin:3.5.2:test (default-test) on project popcorn-palace: There are test failures.
[ERROR] 
[ERROR] See /home/lbh/git-projects/popcorn-palace/target/surefire-reports for the individual test results.
[ERROR] See dump files (if any exist) [date].dump, [date]-jvmRun[N].dump and [date].dumpstream.
[ERROR] -> [Help 1]
[ERROR] 
[ERROR] To see the full stack trace of the errors, re-run Maven with the -e switch.
[ERROR] Re-run Maven using the -X switch to enable full debug logging.
[ERROR] 
[ERROR] For more information about the errors and possible solutions, please read the following articles:
[ERROR] [Help 1] http://cwiki.apache.org/confluence/display/MAVEN/MojoFailureException
